node   1  (   0,    0) (   3,    3) (   4,    4) (   2,    2) (   0,    0) (   0,    0) (   9,    0) (   0,    0) (   0,    3) (   0,    4)
          (   0,    2) (   0,    0) (   9,    0) (   0,    0) (   0,    3) (   0,    4) (   0,    2) (   0,    0) (   9,    0) (   0,    0)
          (   0,    3) (   0,    4) (   0,    2) (   0,    0) (   9,    0) (   0,    0) (   0,    3) (   0,    4) (   0,    2) (   0,    0)
          (   9,    0) (   0,    0) (   0,    3) (   0,    4) (   0,    2) (   0,    0) (   9,    0) (   0,    0) (   0,    3) (   0,    4)
          (   0,    2) (   0,    0) (   9,    0) (   0,    0) (   0,    3) (   0,    4) (   0,    2) (   0,    0) (   9,    0) (   0,    0)
          (   0,    3) (   0,    4) (   0,    2) (   0,    0) (   9,    0) (   0,    0) (   0,    3) (   0,    4) (   0,    2) (   0,    0)
          (   9,    0) (   0,    0) (   0,    3) (   0,    4) (   0,    2) (   0,    0) (   9,    0) (   0,    0) (   0,    3) (   0,    4)
          (   0,    2) (   0,    0) (   9,    0) (   0,    0) (   0,    3) (   0,    4) (   0,    2) (   0,    0) (   9,    0) (   0,    0)
          (   0,    3) (   0,    4) (   0,    2) (   0,    0) (   9,    0) (   0,    0) (   0,    3) (   0,    4) (   0,    2) (   0,    0)
          (   9,    0) (   0,    0) (   0,    3) (   0,    4) (   0,    2) (   0,    0) (   9,    0) (   0,    0) (   0,    3) (   0,    4)
          (   0,    2) (   0,    0) (   9,    0) (   0,    0) (   0,    1) (   0,    1) (   0,    2) (   0,    0) (   9,    0) (   0,    0)
          (   0,    1) (   0,    1) (   0,    2) (   0,    0) (   9,    0) (   0,    0) (   0,    1) (   0,    1) (   0,    2) (   0,    0)
          (   8,    0) (   0,    0) (   0,    1) (   0,    1) (   0,    2) (   0,    0) (   4,    0) (   0,    0) (   0,    1) (   0,    1)
          (   0,    2) (   0,    0) (   4,    0) (   0,    0) (   0,    1) (   0,    1) (   0,    2) (   0,    0) (   4,    0) (   0,    0)
          (   0,    1) (   0,    1) (   0,    2) (   0,    0) (   4,    0) (   0,    0) (   0,    1) (   0,    1) (   0,    2) (   0,    0)
          (   4,    0) (   0,    0) (   0,    1) (   0,    1) (   0,    2) (   0,    0) (   4,    0) (   0,    0) (   0,    1) (   0,    1)
          (   0,    2) (   0,    0) (   4,    0) (   0,    0) (   0,    1) (   0,    1) (   0,    2) (   0,    0) (   4,    0) (   0,    0)
          (   0,    1) (   0,    1) (   0,    2) (   0,    0) (   4,    0) (   0,    0) (   0,    1) (   0,    1) (   0,    2) (   0,    0)
          (   4,    0) (   0,    0) (   0,    1) (   0,    1) (   0,    2) (   0,    0) (   4,    0) (   0,    0) (   0,    1) (   0,    1)
          (   0,    2) (   0,    0) (   4,    0) (   0,    0) (   0,    1) (   0,    1) (   0,    2) (   0,    0) (   4,    0) (   0,    0)
          (   0,    1) (   0,    1) (   0,    2) (   0,    0) (   4,    0) (   0,    0) (   0,    1) (   0,    1) (   0,    2) (   0,    0)
          (   4,    0) (   0,    0) (   0,    1) (   0,    1) (   0,    2) (   0,    0) (   4,    0) (   0,    0) (   0,    1) (   0,    1)
          (   0,    2) (   0,    0) (   4,    0) (   0,    0) (   0,    1) (   0,    1) (   0,    2) (   0,    0) (   4,    0) (   0,    0)
          (   0,    1) (   0,    1) (   0,    2) (   0,    0) (   4,    0) (   0,    0) (   0,    1) (   0,    1) (   0,    2) (   0,    0)
          (   4,    0) (   0,    0) (   0,    1) (   0,    1) (   0,    2) (   0,    0) (   4,    0) (   0,    0) (   0,    1) (   0,    1)
          (   0,    2) (   0,    0) (   4,    0) (   0,    0) (   0,    1) (   0,    1) (   0,    2) (   0,    0) (   4,    0) (   0,    0)
          (   0,    1) (   0,    1) (   0,    2) (   0,    0) (   4,    0) (   0,    0) (   0,    1) (   0,    1) (   0,    2) (   0,    0)
          (   4,    0) (   0,    0) (   0,    1) (   0,    1) (   0,    2) (   0,    0) (   4,    0) (   0,    0) (   0,    1) (   0,    1)
          (   0,    2) (   0,    0) (   4,    0) (   0,    0) (   0,    1) (   0,    1) (   0,    2) (   0,    0) (   4,    0) (   0,    0)
          (   0,    1) (   0,    1) (   0,    2) (   0,    0) (   4,    0) (   0,    0) (   0,    1) (   0,    1) (   0,    2) (   0,    0)
          (   4,    0) (   0,    0) (   0,    1) (   0,    1) (   0,    2) (   0,    0) (   4,    0) (   0,    0) (   0,    1) (   0,    1)
          (   0,    2) (   0,    0) (   4,    0) (   0,    0) (   0,    1) (   0,    1) (   0,    2) (   0,    0) (   4,    0) (   0,    0)
          (   0,    1) (   0,    1) (   0,    2) (   0,    0) (   4,    0) (   0,    0) (   0,    1) (   0,    1) (   0,    2) (   0,    0)
          (   4,    0) (   0,    0) (   0,    1) (   0,    1) (   0,    2) (   0,    0) (   4,    0) (   0,    0) (   0,    1) (   0,    1)
          (   0,    2) (   0,    0) (   4,    0) (   0,    0) (   0,    1) (   0,    1) (   0,    2) (   0,    0) (   4,    0) (   0,    0)
          (   0,    1) (   0,    1) (   0,    2) (   0,    0) (   4,    0) (   0,    0) (   0,    1) (   0,    1) (   0,    2) (   0,    0)
          (   4,    0) (   0,    0) (   0,    1) (   0,    1) (   0,    2) (   0,    0) (   4,    0) (   0,    0) (   0,    1) (   0,    1)
          (   0,    2) (   0,    0) (   4,    0) (   0,    0) (   0,    1) (   0,    1) (   0,    2) (   0,    0) (   4,    0) (   0,    0)
          (   0,    1) (   0,    1) (   0,    2) (   0,    0) (   4,    0) (   0,    0) (   0,    1) (   0,    1) (   0,    2) (   0,    0)
          (   4,    0) (   0,    0) (   0,    1) (   0,    1) (   0,    2) (   0,    0) (   4,    0) (   0,    0) (   0,    1) (   0,    1)
          (   0,    2) (   0,    0) (   4,    0) (   0,    0) (   0,    1) (   0,    1) (   0,    2) (   0,    0) (   4,    0) (   0,    0)
          (   0,    1) (   0,    1) (   0,    2) (   0,    0) (   4,    0) (   0,    0) (   0,    1) (   0,    1) (   0,    2) (   0,    0)
          (   4,    0) (   0,    0) (   0,    1) (   0,    1) (   0,    2) (   0,    0) (   4,    0) (   0,    0) (   0,    1) (   0,    1)
          (   0,    2) (   0,    0) (   4,    0) (   0,    0) (   0,    1) (   0,    1) (   0,    2) (   0,    0) (   4,    0) (   0,    0)
          (   0,    1) (   0,    1) (   0,    2) (   0,    0) (   4,    0) (   0,    0) (   0,    1) (   0,    1) (   0,    2) (   0,    0)
          (   4,    0) (   0,    0) (   0,    1) (   0,    1) (   0,    2) (   0,    0) (   4,    0) (   0,    0) (   0,    1) (   0,    1)
          (   0,    2) (   0,    0) (   4,    0) (   0,    0) (   0,    1) (   0,    1) (   0,    2) (   0,    0) (   4,    0) (   0,    0)
          (   0,    1) (   0,    1) (   0,    2) (   0,    0) (   4,    0) (   0,    0) (   0,    1) (   0,    1) (   0,    2) (   0,    0)
          (   4,    0) (   0,    0) (   0,    1) (   0,    1) (   0,    2) (   0,    0) (   4,    0) (   0,    0) (   0,    1) (   0,    1)
          (   0,    2) (   0,    0) (   4,    0) (   0,    0) (   0,    1) (   0,    1) (   0,    2) (   0,    0) (   4,    0) (   0,    0)
          (   0,    1) (   0,    1) (   0,    2) (   0,    0) (   4,    0) (   0,    0) (   0,    1) (   0,    1) (   0,    2) (   0,    0)
          (   4,    0) (   0,    0) (   0,    1) (   0,    1) (   0,    2) (   0,    0) (   4,    0) (   0,    0) (   0,    1) (   0,    1)
          (   0,    2) (   0,    0) (   4,    0) (   0,    0) (   0,    1) (   0,    1) (   0,    2) (   0,    0) (   4,    0) (   0,    0)
          (   0,    1) (   0,    1) (   0,    2) (   0,    0) (   4,    0) (   0,    0) (   0,    1) (   0,    1) (   0,    2) (   0,    0)
          (   4,    0) (   0,    0) (   0,    1) (   0,    1) (   0,    2) (   0,    0) (   4,    0) (   0,    0) (   0,    1) (   0,    1)
          (   0,    2) (   0,    0) (   4,    0) (   0,    0) (   0,    1) (   0,    1) (   0,    2) (   0,    0) (   4,    0) (   0,    0)
          (   0,    1) (   0,    1) (   0,    2) (   0,    0) (   4,    0) (   0,    0) (   0,    1) (   0,    1) (   0,    2) (   0,    0)
          (   4,    0) (   0,    0) (   0,    1) (   0,    1) (   0,    2) (   0,    0) (   4,    0) (   0,    0) (   0,    1) (   0,    1)
          (   0,    2) (   0,    0) (   4,    0) (   0,    0) (   0,    1) (   0,    1) (   0,    2) (   0,    0) (   4,    0) (   0,    0)
          (   0,    1) (   0,    1) (   0,    2) (   0,    0) (   4,    0) (   0,    0) (   0,    1) (   0,    1) (   0,    2) (   0,    0)
          (   4,    0) (   0,    0) (   0,    1) (   0,    1) (   0,    2) (   0,    0) (   4,    0) (   0,    0) (   0,    1) (   0,    1)
          (   0,    2) (   0,    0) (   4,    0) (   0,    0) (   0,    1) (   0,    1) (   0,    2) (   0,    0) (   4,    0) (   0,    0)
          (   0,    1) (   0,    1) (   0,    2) (   0,    0) (   4,    0) (   0,    0) (   0,    1) (   0,    1) (   0,    2) (   0,    0)
          (   4,    0) (   0,    0) (   0,    1) (   0,    1) (   0,    2) (   0,    0) (   4,    0) (   0,    0) (   0,    1) (   0,    1)
          (   0,    2) (   0,    0) (   4,    0) (   0,    0) (   0,    1) (   0,    1) (   0,    2) (   0,    0) (   4,    0) (   0,    0)
          (   0,    1) (   0,    1) (   0,    2) (   0,    0) (   4,    0) (   0,    0) (   0,    1) (   0,    1) (   0,    2) (   0,    0)
          (   4,    0) (   0,    0) (   0,    1) (   0,    1) (   0,    2) (   0,    0) (   4,    0) (   0,    0) (   0,    1) (   0,    1)
          (   0,    2) (   0,    0) (   4,    0) (   0,    0) (   0,    1) (   0,    1) (   0,    2) (   0,    0) (   4,    0) (   0,    0)
          (   0,    1) (   0,    1) (   0,    2) (   0,    0) (   4,    0) (   0,    0) (   0,    1) (   0,    1) (   0,    2) (   0,    0)
          (   4,    0) (   0,    0) (   0,    1) (   0,    1) (   0,    2) (   0,    0) (   4,    0) (   0,    0) (   0,    1) (   0,    1)
         
node   1 sent_total    572  recv_total    551

node   2  (   1,    0) (   0,    0) (   0,    1) (   0,    0) (   0,    0) (   0,    0) (   0,    0) (   1,    1) (   0,    2) (   0,    4)
          (   0,    2) (   0,    0) (   0,    0) (   9,    1) (   0,    2) (   0,    4) (   0,    2) (   0,    0) (   0,    0) (   9,    1)
          (   0,    2) (   0,    4) (   0,    2) (   0,    0) (   0,    0) (   9,    1) (   0,    2) (   0,    4) (   0,    2) (   0,    0)
          (   0,    0) (   9,    1) (   0,    2) (   0,    4) (   0,    2) (   0,    0) (   0,    0) (   9,    1) (   0,    2) (   0,    4)
          (   0,    2) (   0,    0) (   0,    0) (   9,    1) (   0,    2) (   0,    4) (   0,    2) (   0,    0) (   0,    0) (   9,    1)
          (   0,    2) (   0,    4) (   0,    2) (   0,    0) (   0,    0) (   9,    1) (   0,    2) (   0,    4) (   0,    2) (   0,    0)
          (   0,    0) (   9,    1) (   0,    2) (   0,    4) (   0,    2) (   0,    0) (   0,    0) (   9,    1) (   0,    2) (   0,    4)
          (   0,    2) (   0,    0) (   0,    0) (   9,    1) (   0,    2) (   0,    4) (   0,    2) (   0,    0) (   0,    0) (   9,    1)
          (   0,    2) (   0,    4) (   0,    2) (   0,    0) (   0,    0) (   9,    1) (   0,    2) (   0,    4) (   0,    2) (   0,    0)
          (   0,    0) (   9,    1) (   0,    2) (   0,    4) (   0,    2) (   0,    0) (   0,    0) (   9,    1) (   0,    2) (   0,    4)
          (   0,    2) (   0,    0) (   0,    0) (   9,    1) (   0,    0) (   0,    1) (   0,    2) (   0,    0) (   0,    0) (   9,    1)
          (   0,    0) (   0,    1) (   0,    2) (   0,    0) (   0,    0) (   9,    1) (   0,    0) (   0,    1) (   0,    2) (   0,    0)
          (   0,    0) (   7,    1) (   0,    0) (   0,    1) (   0,    2) (   0,    0) (   0,    0) (   4,    1) (   0,    0) (   0,    1)
          (   0,    2) (   0,    0) (   0,    0) (   4,    1) (   0,    0) (   0,    1) (   0,    2) (   0,    0) (   0,    0) (   4,    1)
          (   0,    0) (   0,    1) (   0,    2) (   0,    0) (   0,    0) (   4,    1) (   0,    0) (   0,    1) (   0,    2) (   0,    0)
          (   0,    0) (   4,    1) (   0,    0) (   0,    1) (   0,    2) (   0,    0) (   0,    0) (   4,    1) (   0,    0) (   0,    1)
          (   0,    2) (   0,    0) (   0,    0) (   4,    1) (   0,    0) (   0,    1) (   0,    2) (   0,    0) (   0,    0) (   4,    1)
          (   0,    0) (   0,    1) (   0,    2) (   0,    0) (   0,    0) (   4,    1) (   0,    0) (   0,    1) (   0,    2) (   0,    0)
          (   0,    0) (   4,    1) (   0,    0) (   0,    1) (   0,    2) (   0,    0) (   0,    0) (   4,    1) (   0,    0) (   0,    1)
          (   0,    2) (   0,    0) (   0,    0) (   4,    1) (   0,    0) (   0,    1) (   0,    2) (   0,    0) (   0,    0) (   4,    1)
          (   0,    0) (   0,    1) (   0,    2) (   0,    0) (   0,    0) (   4,    1) (   0,    0) (   0,    1) (   0,    2) (   0,    0)
          (   0,    0) (   4,    1) (   0,    0) (   0,    1) (   0,    2) (   0,    0) (   0,    0) (   4,    1) (   0,    0) (   0,    1)
          (   0,    2) (   0,    0) (   0,    0) (   4,    1) (   0,    0) (   0,    1) (   0,    2) (   0,    0) (   0,    0) (   4,    1)
          (   0,    0) (   0,    1) (   0,    2) (   0,    0) (   0,    0) (   4,    1) (   0,    0) (   0,    1) (   0,    2) (   0,    0)
          (   0,    0) (   4,    1) (   0,    0) (   0,    1) (   0,    2) (   0,    0) (   0,    0) (   4,    1) (   0,    0) (   0,    1)
          (   0,    2) (   0,    0) (   0,    0) (   4,    1) (   0,    0) (   0,    1) (   0,    2) (   0,    0) (   0,    0) (   4,    1)
          (   0,    0) (   0,    1) (   0,    2) (   0,    0) (   0,    0) (   4,    1) (   0,    0) (   0,    1) (   0,    2) (   0,    0)
          (   0,    0) (   4,    1) (   0,    0) (   0,    1) (   0,    2) (   0,    0) (   0,    0) (   4,    1) (   0,    0) (   0,    1)
          (   0,    2) (   0,    0) (   0,    0) (   4,    1) (   0,    0) (   0,    1) (   0,    2) (   0,    0) (   0,    0) (   4,    1)
          (   0,    0) (   0,    1) (   0,    2) (   0,    0) (   0,    0) (   4,    1) (   0,    0) (   0,    1) (   0,    2) (   0,    0)
          (   0,    0) (   4,    1) (   0,    0) (   0,    1) (   0,    2) (   0,    0) (   0,    0) (   4,    1) (   0,    0) (   0,    1)
          (   0,    2) (   0,    0) (   0,    0) (   4,    1) (   0,    0) (   0,    1) (   0,    2) (   0,    0) (   0,    0) (   4,    1)
          (   0,    0) (   0,    1) (   0,    2) (   0,    0) (   0,    0) (   4,    1) (   0,    0) (   0,    1) (   0,    2) (   0,    0)
          (   0,    0) (   4,    1) (   0,    0) (   0,    1) (   0,    2) (   0,    0) (   0,    0) (   4,    1) (   0,    0) (   0,    1)
          (   0,    2) (   0,    0) (   0,    0) (   4,    1) (   0,    0) (   0,    1) (   0,    2) (   0,    0) (   0,    0) (   4,    1)
          (   0,    0) (   0,    1) (   0,    2) (   0,    0) (   0,    0) (   4,    1) (   0,    0) (   0,    1) (   0,    2) (   0,    0)
          (   0,    0) (   4,    1) (   0,    0) (   0,    1) (   0,    2) (   0,    0) (   0,    0) (   4,    1) (   0,    0) (   0,    1)
          (   0,    2) (   0,    0) (   0,    0) (   4,    1) (   0,    0) (   0,    1) (   0,    2) (   0,    0) (   0,    0) (   4,    1)
          (   0,    0) (   0,    1) (   0,    2) (   0,    0) (   0,    0) (   4,    1) (   0,    0) (   0,    1) (   0,    2) (   0,    0)
          (   0,    0) (   4,    1) (   0,    0) (   0,    1) (   0,    2) (   0,    0) (   0,    0) (   4,    1) (   0,    0) (   0,    1)
          (   0,    2) (   0,    0) (   0,    0) (   4,    1) (   0,    0) (   0,    1) (   0,    2) (   0,    0) (   0,    0) (   4,    1)
          (   0,    0) (   0,    1) (   0,    2) (   0,    0) (   0,    0) (   4,    1) (   0,    0) (   0,    1) (   0,    2) (   0,    0)
          (   0,    0) (   4,    1) (   0,    0) (   0,    1) (   0,    2) (   0,    0) (   0,    0) (   4,    1) (   0,    0) (   0,    1)
          (   0,    2) (   0,    0) (   0,    0) (   4,    1) (   0,    0) (   0,    1) (   0,    2) (   0,    0) (   0,    0) (   4,    1)
          (   0,    0) (   0,    1) (   0,    2) (   0,    0) (   0,    0) (   4,    1) (   0,    0) (   0,    1) (   0,    2) (   0,    0)
          (   0,    0) (   4,    1) (   0,    0) (   0,    1) (   0,    2) (   0,    0) (   0,    0) (   4,    1) (   0,    0) (   0,    1)
          (   0,    2) (   0,    0) (   0,    0) (   4,    1) (   0,    0) (   0,    1) (   0,    2) (   0,    0) (   0,    0) (   4,    1)
          (   0,    0) (   0,    1) (   0,    2) (   0,    0) (   0,    0) (   4,    1) (   0,    0) (   0,    1) (   0,    2) (   0,    0)
          (   0,    0) (   4,    1) (   0,    0) (   0,    1) (   0,    2) (   0,    0) (   0,    0) (   4,    1) (   0,    0) (   0,    1)
          (   0,    2) (   0,    0) (   0,    0) (   4,    1) (   0,    0) (   0,    1) (   0,    2) (   0,    0) (   0,    0) (   4,    1)
          (   0,    0) (   0,    1) (   0,    2) (   0,    0) (   0,    0) (   4,    1) (   0,    0) (   0,    1) (   0,    2) (   0,    0)
          (   0,    0) (   4,    1) (   0,    0) (   0,    1) (   0,    2) (   0,    0) (   0,    0) (   4,    1) (   0,    0) (   0,    1)
          (   0,    2) (   0,    0) (   0,    0) (   4,    1) (   0,    0) (   0,    1) (   0,    2) (   0,    0) (   0,    0) (   4,    1)
          (   0,    0) (   0,    1) (   0,    2) (   0,    0) (   0,    0) (   4,    1) (   0,    0) (   0,    1) (   0,    2) (   0,    0)
          (   0,    0) (   4,    1) (   0,    0) (   0,    1) (   0,    2) (   0,    0) (   0,    0) (   4,    1) (   0,    0) (   0,    1)
          (   0,    2) (   0,    0) (   0,    0) (   4,    1) (   0,    0) (   0,    1) (   0,    2) (   0,    0) (   0,    0) (   4,    1)
          (   0,    0) (   0,    1) (   0,    2) (   0,    0) (   0,    0) (   4,    1) (   0,    0) (   0,    1) (   0,    2) (   0,    0)
          (   0,    0) (   4,    1) (   0,    0) (   0,    1) (   0,    2) (   0,    0) (   0,    0) (   4,    1) (   0,    0) (   0,    1)
          (   0,    2) (   0,    0) (   0,    0) (   4,    1) (   0,    0) (   0,    1) (   0,    2) (   0,    0) (   0,    0) (   4,    1)
          (   0,    0) (   0,    1) (   0,    2) (   0,    0) (   0,    0) (   4,    1) (   0,    0) (   0,    1) (   0,    2) (   0,    0)
          (   0,    0) (   4,    1) (   0,    0) (   0,    1) (   0,    2) (   0,    0) (   0,    0) (   4,    1) (   0,    0) (   0,    1)
          (   0,    2) (   0,    0) (   0,    0) (   4,    1) (   0,    0) (   0,    1) (   0,    2) (   0,    0) (   0,    0) (   4,    1)
          (   0,    0) (   0,    1) (   0,    2) (   0,    0) (   0,    0) (   4,    1) (   0,    0) (   0,    1) (   0,    2) (   0,    0)
          (   0,    0) (   4,    1) (   0,    0) (   0,    1) (   0,    2) (   0,    0) (   0,    0) (   4,    1) (   0,    0) (   0,    1)
          (   0,    2) (   0,    0) (   0,    0) (   4,    1) (   0,    0) (   0,    1) (   0,    2) (   0,    0) (   0,    0) (   4,    1)
          (   0,    0) (   0,    1) (   0,    2) (   0,    0) (   0,    0) (   4,    1) (   0,    0) (   0,    1) (   0,    2) (   0,    0)
          (   0,    0) (   4,    1) (   0,    0) (   0,    1) (   0,    2) (   0,    0) (   0,    0) (   4,    1) (   0,    0) (   0,    1)
          (   0,    2) (   0,    0) (   0,    0) (   4,    1) (   0,    0) (   0,    1) (   0,    2) (   0,    0) (   0,    0) (   4,    1)
          (   0,    0) (   0,    1) (   0,    2) (   0,    0) (   0,    0) (   4,    1) (   0,    0) (   0,    1) (   0,    2) (   0,    0)
          (   0,    0) (   4,    1) (   0,    0) (   0,    1) (   0,    2) (   0,    0) (   0,    0) (   4,    1) (   0,    0) (   0,    1)
         
node   2 sent_total    555  recv_total    543

node   3  (   1,    0) (   0,    0) (   0,    1) (   0,    0) (   0,    0) (   0,    0) (   0,    0) (   2,    1) (   0,    1) (   0,    4)
          (   0,    2) (   0,    0) (   0,    0) (   9,    1) (   0,    2) (   0,    4) (   0,    2) (   0,    0) (   0,    0) (   9,    1)
          (   0,    2) (   0,    4) (   0,    2) (   0,    0) (   0,    0) (   9,    1) (   0,    2) (   0,    4) (   0,    2) (   0,    0)
          (   0,    0) (   9,    1) (   0,    2) (   0,    4) (   0,    2) (   0,    0) (   0,    0) (   9,    1) (   0,    2) (   0,    4)
          (   0,    2) (   0,    0) (   0,    0) (   9,    1) (   0,    2) (   0,    4) (   0,    2) (   0,    0) (   0,    0) (   9,    1)
          (   0,    2) (   0,    4) (   0,    2) (   0,    0) (   0,    0) (   9,    1) (   0,    2) (   0,    4) (   0,    2) (   0,    0)
          (   0,    0) (   9,    1) (   0,    2) (   0,    4) (   0,    2) (   0,    0) (   0,    0) (   9,    1) (   0,    2) (   0,    4)
          (   0,    2) (   0,    0) (   0,    0) (   9,    1) (   0,    2) (   0,    4) (   0,    2) (   0,    0) (   0,    0) (   9,    1)
          (   0,    2) (   0,    4) (   0,    2) (   0,    0) (   0,    0) (   9,    1) (   0,    2) (   0,    4) (   0,    2) (   0,    0)
          (   0,    0) (   9,    1) (   0,    2) (   0,    4) (   0,    2) (   0,    0) (   0,    0) (   9,    1) (   0,    2) (   0,    4)
          (   0,    2) (   0,    0) (   0,    0) (   0,    0) (   0,    0) (   0,    0) (   0,    0) (   0,    0) (   0,    0) (   0,    0)
          (   0,    0) (   0,    0) (   0,    0) (   0,    0) (   0,    0) (   0,    0) (   0,    0) (   0,    0) (   0,    0) (   0,    0)
          (   0,    0) (   0,    0) (   0,    0) (   0,    0) (   0,    0) (   0,    0) (   0,    0) (   0,    0) (   0,    0) (   0,    0)
          (   0,    0) (   0,    0) (   0,    0) (   0,    0) (   0,    0) (   0,    0) (   0,    0) (   0,    0) (   0,    0) (   0,    0)
          (   0,    0) (   0,    0) (   0,    0) (   0,    0) (   0,    0) (   0,    0) (   0,    0) (   0,    0) (   0,    0) (   0,    0)
          (   0,    0) (   0,    0) (   0,    0) (   0,    0) (   0,    0) (   0,    0) (   0,    0) (   0,    0) (   0,    0) (   0,    0)
          (   0,    0) (   0,    0) (   0,    0) (   0,    0) (   0,    0) (   0,    0) (   0,    0) (   0,    0) (   0,    0) (   0,    0)
          (   0,    0) (   0,    0) (   0,    0) (   0,    0) (   0,    0) (   0,    0) (   0,    0) (   0,    0) (   0,    0) (   0,    0)
          (   0,    0) (   0,    0) (   0,    0) (   0,    0) (   0,    0) (   0,    0) (   0,    0) (   0,    0) (   0,    0) (   0,    0)
          (   0,    0) (   0,    0) (   0,    0) (   0,    0) (   0,    0) (   0,    0) (   0,    0) (   0,    0) (   0,    0) (   0,    0)
          (   0,    0) (   0,    0) (   0,    0) (   0,    0) (   0,    0) (   0,    0) (   0,    0) (   0,    0) (   0,    0) (   0,    0)
          (   0,    0) (   0,    0) (   0,    0) (   0,    0) (   0,    0) (   0,    0) (   0,    0) (   0,    0) (   0,    0) (   0,    0)
          (   0,    0) (   0,    0) (   0,    0) (   0,    0) (   0,    0) (   0,    0) (   0,    0) (   0,    0) (   0,    0) (   0,    0)
          (   0,    0) (   0,    0) (   0,    0) (   0,    0) (   0,    0) (   0,    0) (   0,    0) (   0,    0) (   0,    0) (   0,    0)
          (   0,    0) (   0,    0) (   0,    0) (   0,    0) (   0,    0) (   0,    0) (   0,    0) (   0,    0) (   0,    0) (   0,    0)
          (   0,    0) (   0,    0) (   0,    0) (   0,    0) (   0,    0) (   0,    0) (   0,    0) (   0,    0) (   0,    0) (   0,    0)
          (   0,    0) (   0,    0) (   0,    0) (   0,    0) (   0,    0) (   0,    0) (   0,    0) (   0,    0) (   0,    0) (   0,    0)
          (   0,    0) (   0,    0) (   0,    0) (   0,    0) (   0,    0) (   0,    0) (   0,    0) (   0,    0) (   0,    0) (   0,    0)
          (   0,    0) (   0,    0) (   0,    0) (   0,    0) (   0,    0) (   0,    0) (   0,    0) (   0,    0) (   0,    0) (   0,    0)
          (   0,    0) (   0,    0) (   0,    0) (   0,    0) (   0,    0) (   0,    0) (   0,    0) (   0,    0) (   0,    0) (   0,    0)
          (   0,    0) (   0,    0) (   0,    0) (   0,    0) (   0,    0) (   0,    0) (   0,    0) (   0,    0) (   0,    0) (   0,    0)
          (   0,    0) (   0,    0) (   0,    0) (   0,    0) (   0,    0) (   0,    0) (   0,    0) (   0,    0) (   0,    0) (   0,    0)
          (   0,    0) (   0,    0) (   0,    0) (   0,    0) (   0,    0) (   0,    0) (   0,    0) (   0,    0) (   0,    0) (   0,    0)
          (   0,    0) (   0,    0) (   0,    0) (   0,    0) (   0,    0) (   0,    0) (   0,    0) (   0,    0) (   0,    0) (   0,    0)
          (   0,    0) (   0,    0) (   0,    0) (   0,    0) (   0,    0) (   0,    0) (   0,    0) (   0,    0) (   0,    0) (   0,    0)
          (   0,    0) (   0,    0) (   0,    0) (   0,    0) (   0,    0) (   0,    0) (   0,    0) (   0,    0) (   0,    0) (   0,    0)
          (   0,    0) (   0,    0) (   0,    0) (   0,    0) (   0,    0) (   0,    0) (   0,    0) (   0,    0) (   0,    0) (   0,    0)
          (   0,    0) (   0,    0) (   0,    0) (   0,    0) (   0,    0) (   0,    0) (   0,    0) (   0,    0) (   0,    0) (   0,    0)
          (   0,    0) (   0,    0) (   0,    0) (   0,    0) (   0,    0) (   0,    0) (   0,    0) (   0,    0) (   0,    0) (   0,    0)
          (   0,    0) (   0,    0) (   0,    0) (   0,    0) (   0,    0) (   0,    0) (   0,    0) (   0,    0) (   0,    0) (   0,    0)
          (   0,    0) (   0,    0) (   0,    0) (   0,    0) (   0,    0) (   0,    0) (   0,    0) (   0,    0) (   0,    0) (   0,    0)
          (   0,    0) (   0,    0) (   0,    0) (   0,    0) (   0,    0) (   0,    0) (   0,    0) (   0,    0) (   0,    0) (   0,    0)
          (   0,    0) (   0,    0) (   0,    0) (   0,    0) (   0,    0) (   0,    0) (   0,    0) (   0,    0) (   0,    0) (   0,    0)
          (   0,    0) (   0,    0) (   0,    0) (   0,    0) (   0,    0) (   0,    0) (   0,    0) (   0,    0) (   0,    0) (   0,    0)
          (   0,    0) (   0,    0) (   0,    0) (   0,    0) (   0,    0) (   0,    0) (   0,    0) (   0,    0) (   0,    0) (   0,    0)
          (   0,    0) (   0,    0) (   0,    0) (   0,    0) (   0,    0) (   0,    0) (   0,    0) (   0,    0) (   0,    0) (   0,    0)
          (   0,    0) (   0,    0) (   0,    0) (   0,    0) (   0,    0) (   0,    0) (   0,    0) (   0,    0) (   0,    0) (   0,    0)
          (   0,    0) (   0,    0) (   0,    0) (   0,    0) (   0,    0) (   0,    0) (   0,    0) (   0,    0) (   0,    0) (   0,    0)
          (   0,    0) (   0,    0) (   0,    0) (   0,    0) (   0,    0) (   0,    0) (   0,    0) (   0,    0) (   0,    0) (   0,    0)
          (   0,    0) (   0,    0) (   0,    0) (   0,    0) (   0,    0) (   0,    0) (   0,    0) (   0,    0) (   0,    0) (   0,    0)
          (   0,    0) (   0,    0) (   0,    0) (   0,    0) (   0,    0) (   0,    0) (   0,    0) (   0,    0) (   0,    0) (   0,    0)
          (   0,    0) (   0,    0) (   0,    0) (   0,    0) (   0,    0) (   0,    0) (   0,    0) (   0,    0) (   0,    0) (   0,    0)
          (   0,    0) (   0,    0) (   0,    0) (   0,    0) (   0,    0) (   0,    0) (   0,    0) (   0,    0) (   0,    0) (   0,    0)
          (   0,    0) (   0,    0) (   0,    0) (   0,    0) (   0,    0) (   0,    0) (   0,    0) (   0,    0) (   0,    0) (   0,    0)
          (   0,    0) (   0,    0) (   0,    0) (   0,    0) (   0,    0) (   0,    0) (   0,    0) (   0,    0) (   0,    0) (   0,    0)
          (   0,    0) (   0,    0) (   0,    0) (   0,    0) (   0,    0) (   0,    0) (   0,    0) (   0,    0) (   0,    0) (   0,    0)
          (   0,    0) (   0,    0) (   0,    0) (   0,    0) (   0,    0) (   0,    0) (   0,    0) (   0,    0) (   0,    0) (   0,    0)
          (   0,    0) (   0,    0) (   0,    0) (   0,    0) (   0,    0) (   0,    0) (   0,    0) (   0,    0) (   0,    0) (   0,    0)
          (   0,    0) (   0,    0) (   0,    0) (   0,    0) (   0,    0) (   0,    0) (   0,    0) (   0,    0) (   0,    0) (   0,    0)
          (   0,    0) (   0,    0) (   0,    0) (   0,    0) (   0,    0) (   0,    0) (   0,    0) (   0,    0) (   0,    0) (   0,    0)
          (   0,    0) (   0,    0) (   0,    0) (   0,    0) (   0,    0) (   0,    0) (   0,    0) (   0,    0) (   0,    0) (   0,    0)
          (   0,    0) (   0,    0) (   0,    0) (   0,    0) (   0,    0) (   0,    0) (   0,    0) (   0,    0) (   0,    0) (   0,    0)
          (   0,    0) (   0,    0) (   0,    0) (   0,    0) (   0,    0) (   0,    0) (   0,    0) (   0,    0) (   0,    0) (   0,    0)
          (   0,    0) (   0,    0) (   0,    0) (   0,    0) (   0,    0) (   0,    0) (   0,    0) (   0,    0) (   0,    0) (   0,    0)
          (   0,    0) (   0,    0) (   0,    0) (   0,    0) (   0,    0) (   0,    0) (   0,    0) (   0,    0) (   0,    0) (   0,    0)
          (   0,    0) (   0,    0) (   0,    0) (   0,    0) (   0,    0) (   0,    0) (   0,    0) (   0,    0) (   0,    0) (   0,    0)
          (   0,    0) (   0,    0) (   0,    0) (   0,    0) (   0,    0) (   0,    0) (   0,    0) (   0,    0) (   0,    0) (   0,    0)
          (   0,    0) (   0,    0) (   0,    0) (   0,    0) (   0,    0) (   0,    0) (   0,    0) (   0,    0) (   0,    0) (   0,    0)
          (   0,    0) (   0,    0) (   0,    0) (   0,    0) (   0,    0) (   0,    0) (   0,    0) (   0,    0) (   0,    0) (   0,    0)
          (   0,    0) (   0,    0) (   0,    0) (   0,    0) (   0,    0) (   0,    0) (   0,    0) (   0,    0) (   0,    0) (   0,    0)
         
node   3 sent_total    138  recv_total    144

node   4  (   1,    0) (   0,    0) (   0,    1) (   0,    0) (   0,    0) (   0,    0) (   0,    0) (   3,    1) (   0,    0) (   0,    4)
          (   0,    2) (   0,    0) (   0,    0) (   9,    1) (   0,    2) (   0,    4) (   0,    2) (   0,    0) (   0,    0) (   9,    1)
          (   0,    2) (   0,    4) (   0,    2) (   0,    0) (   0,    0) (   9,    1) (   0,    2) (   0,    4) (   0,    2) (   0,    0)
          (   0,    0) (   9,    1) (   0,    2) (   0,    4) (   0,    2) (   0,    0) (   0,    0) (   9,    1) (   0,    2) (   0,    4)
          (   0,    2) (   0,    0) (   0,    0) (   9,    1) (   0,    2) (   0,    4) (   0,    2) (   0,    0) (   0,    0) (   9,    1)
          (   0,    2) (   0,    4) (   0,    2) (   0,    0) (   0,    0) (   9,    1) (   0,    2) (   0,    4) (   0,    2) (   0,    0)
          (   0,    0) (   9,    1) (   0,    2) (   0,    4) (   0,    2) (   0,    0) (   0,    0) (   9,    1) (   0,    2) (   0,    4)
          (   0,    2) (   0,    0) (   0,    0) (   9,    1) (   0,    2) (   0,    4) (   0,    2) (   0,    0) (   0,    0) (   9,    1)
          (   0,    2) (   0,    4) (   0,    2) (   0,    0) (   0,    0) (   9,    1) (   0,    2) (   0,    4) (   0,    2) (   0,    0)
          (   0,    0) (   9,    1) (   0,    2) (   0,    4) (   0,    2) (   0,    0) (   0,    0) (   9,    1) (   0,    2) (   0,    4)
          (   0,    2) (   0,    0) (   0,    0) (   0,    0) (   0,    0) (   0,    0) (   0,    0) (   0,    0) (   0,    0) (   0,    0)
          (   0,    0) (   0,    0) (   0,    0) (   0,    0) (   0,    0) (   0,    0) (   0,    0) (   0,    0) (   0,    0) (   0,    0)
          (   0,    0) (   0,    0) (   0,    0) (   0,    0) (   0,    0) (   0,    0) (   0,    0) (   0,    0) (   0,    0) (   0,    0)
          (   0,    0) (   0,    0) (   0,    0) (   0,    0) (   0,    0) (   0,    0) (   0,    0) (   0,    0) (   0,    0) (   0,    0)
          (   0,    0) (   0,    0) (   0,    0) (   0,    0) (   0,    0) (   0,    0) (   0,    0) (   0,    0) (   0,    0) (   0,    0)
          (   0,    0) (   0,    0) (   0,    0) (   0,    0) (   0,    0) (   0,    0) (   0,    0) (   0,    0) (   0,    0) (   0,    0)
          (   0,    0) (   0,    0) (   0,    0) (   0,    0) (   0,    0) (   0,    0) (   0,    0) (   0,    0) (   0,    0) (   0,    0)
          (   0,    0) (   0,    0) (   0,    0) (   0,    0) (   0,    0) (   0,    0) (   0,    0) (   0,    0) (   0,    0) (   0,    0)
          (   0,    0) (   0,    0) (   0,    0) (   0,    0) (   0,    0) (   0,    0) (   0,    0) (   0,    0) (   0,    0) (   0,    0)
          (   0,    0) (   0,    0) (   0,    0) (   0,    0) (   0,    0) (   0,    0) (   0,    0) (   0,    0) (   0,    0) (   0,    0)
          (   0,    0) (   0,    0) (   0,    0) (   0,    0) (   0,    0) (   0,    0) (   0,    0) (   0,    0) (   0,    0) (   0,    0)
          (   0,    0) (   0,    0) (   0,    0) (   0,    0) (   0,    0) (   0,    0) (   0,    0) (   0,    0) (   0,    0) (   0,    0)
          (   0,    0) (   0,    0) (   0,    0) (   0,    0) (   0,    0) (   0,    0) (   0,    0) (   0,    0) (   0,    0) (   0,    0)
          (   0,    0) (   0,    0) (   0,    0) (   0,    0) (   0,    0) (   0,    0) (   0,    0) (   0,    0) (   0,    0) (   0,    0)
          (   0,    0) (   0,    0) (   0,    0) (   0,    0) (   0,    0) (   0,    0) (   0,    0) (   0,    0) (   0,    0) (   0,    0)
          (   0,    0) (   0,    0) (   0,    0) (   0,    0) (   0,    0) (   0,    0) (   0,    0) (   0,    0) (   0,    0) (   0,    0)
          (   0,    0) (   0,    0) (   0,    0) (   0,    0) (   0,    0) (   0,    0) (   0,    0) (   0,    0) (   0,    0) (   0,    0)
          (   0,    0) (   0,    0) (   0,    0) (   0,    0) (   0,    0) (   0,    0) (   0,    0) (   0,    0) (   0,    0) (   0,    0)
          (   0,    0) (   0,    0) (   0,    0) (   0,    0) (   0,    0) (   0,    0) (   0,    0) (   0,    0) (   0,    0) (   0,    0)
          (   0,    0) (   0,    0) (   0,    0) (   0,    0) (   0,    0) (   0,    0) (   0,    0) (   0,    0) (   0,    0) (   0,    0)
          (   0,    0) (   0,    0) (   0,    0) (   0,    0) (   0,    0) (   0,    0) (   0,    0) (   0,    0) (   0,    0) (   0,    0)
          (   0,    0) (   0,    0) (   0,    0) (   0,    0) (   0,    0) (   0,    0) (   0,    0) (   0,    0) (   0,    0) (   0,    0)
          (   0,    0) (   0,    0) (   0,    0) (   0,    0) (   0,    0) (   0,    0) (   0,    0) (   0,    0) (   0,    0) (   0,    0)
          (   0,    0) (   0,    0) (   0,    0) (   0,    0) (   0,    0) (   0,    0) (   0,    0) (   0,    0) (   0,    0) (   0,    0)
          (   0,    0) (   0,    0) (   0,    0) (   0,    0) (   0,    0) (   0,    0) (   0,    0) (   0,    0) (   0,    0) (   0,    0)
          (   0,    0) (   0,    0) (   0,    0) (   0,    0) (   0,    0) (   0,    0) (   0,    0) (   0,    0) (   0,    0) (   0,    0)
          (   0,    0) (   0,    0) (   0,    0) (   0,    0) (   0,    0) (   0,    0) (   0,    0) (   0,    0) (   0,    0) (   0,    0)
          (   0,    0) (   0,    0) (   0,    0) (   0,    0) (   0,    0) (   0,    0) (   0,    0) (   0,    0) (   0,    0) (   0,    0)
          (   0,    0) (   0,    0) (   0,    0) (   0,    0) (   0,    0) (   0,    0) (   0,    0) (   0,    0) (   0,    0) (   0,    0)
          (   0,    0) (   0,    0) (   0,    0) (   0,    0) (   0,    0) (   0,    0) (   0,    0) (   0,    0) (   0,    0) (   0,    0)
          (   0,    0) (   0,    0) (   0,    0) (   0,    0) (   0,    0) (   0,    0) (   0,    0) (   0,    0) (   0,    0) (   0,    0)
          (   0,    0) (   0,    0) (   0,    0) (   0,    0) (   0,    0) (   0,    0) (   0,    0) (   0,    0) (   0,    0) (   0,    0)
          (   0,    0) (   0,    0) (   0,    0) (   0,    0) (   0,    0) (   0,    0) (   0,    0) (   0,    0) (   0,    0) (   0,    0)
          (   0,    0) (   0,    0) (   0,    0) (   0,    0) (   0,    0) (   0,    0) (   0,    0) (   0,    0) (   0,    0) (   0,    0)
          (   0,    0) (   0,    0) (   0,    0) (   0,    0) (   0,    0) (   0,    0) (   0,    0) (   0,    0) (   0,    0) (   0,    0)
          (   0,    0) (   0,    0) (   0,    0) (   0,    0) (   0,    0) (   0,    0) (   0,    0) (   0,    0) (   0,    0) (   0,    0)
          (   0,    0) (   0,    0) (   0,    0) (   0,    0) (   0,    0) (   0,    0) (   0,    0) (   0,    0) (   0,    0) (   0,    0)
          (   0,    0) (   0,    0) (   0,    0) (   0,    0) (   0,    0) (   0,    0) (   0,    0) (   0,    0) (   0,    0) (   0,    0)
          (   0,    0) (   0,    0) (   0,    0) (   0,    0) (   0,    0) (   0,    0) (   0,    0) (   0,    0) (   0,    0) (   0,    0)
          (   0,    0) (   0,    0) (   0,    0) (   0,    0) (   0,    0) (   0,    0) (   0,    0) (   0,    0) (   0,    0) (   0,    0)
          (   0,    0) (   0,    0) (   0,    0) (   0,    0) (   0,    0) (   0,    0) (   0,    0) (   0,    0) (   0,    0) (   0,    0)
          (   0,    0) (   0,    0) (   0,    0) (   0,    0) (   0,    0) (   0,    0) (   0,    0) (   0,    0) (   0,    0) (   0,    0)
          (   0,    0) (   0,    0) (   0,    0) (   0,    0) (   0,    0) (   0,    0) (   0,    0) (   0,    0) (   0,    0) (   0,    0)
          (   0,    0) (   0,    0) (   0,    0) (   0,    0) (   0,    0) (   0,    0) (   0,    0) (   0,    0) (   0,    0) (   0,    0)
          (   0,    0) (   0,    0) (   0,    0) (   0,    0) (   0,    0) (   0,    0) (   0,    0) (   0,    0) (   0,    0) (   0,    0)
          (   0,    0) (   0,    0) (   0,    0) (   0,    0) (   0,    0) (   0,    0) (   0,    0) (   0,    0) (   0,    0) (   0,    0)
          (   0,    0) (   0,    0) (   0,    0) (   0,    0) (   0,    0) (   0,    0) (   0,    0) (   0,    0) (   0,    0) (   0,    0)
          (   0,    0) (   0,    0) (   0,    0) (   0,    0) (   0,    0) (   0,    0) (   0,    0) (   0,    0) (   0,    0) (   0,    0)
          (   0,    0) (   0,    0) (   0,    0) (   0,    0) (   0,    0) (   0,    0) (   0,    0) (   0,    0) (   0,    0) (   0,    0)
          (   0,    0) (   0,    0) (   0,    0) (   0,    0) (   0,    0) (   0,    0) (   0,    0) (   0,    0) (   0,    0) (   0,    0)
          (   0,    0) (   0,    0) (   0,    0) (   0,    0) (   0,    0) (   0,    0) (   0,    0) (   0,    0) (   0,    0) (   0,    0)
          (   0,    0) (   0,    0) (   0,    0) (   0,    0) (   0,    0) (   0,    0) (   0,    0) (   0,    0) (   0,    0) (   0,    0)
          (   0,    0) (   0,    0) (   0,    0) (   0,    0) (   0,    0) (   0,    0) (   0,    0) (   0,    0) (   0,    0) (   0,    0)
          (   0,    0) (   0,    0) (   0,    0) (   0,    0) (   0,    0) (   0,    0) (   0,    0) (   0,    0) (   0,    0) (   0,    0)
          (   0,    0) (   0,    0) (   0,    0) (   0,    0) (   0,    0) (   0,    0) (   0,    0) (   0,    0) (   0,    0) (   0,    0)
          (   0,    0) (   0,    0) (   0,    0) (   0,    0) (   0,    0) (   0,    0) (   0,    0) (   0,    0) (   0,    0) (   0,    0)
          (   0,    0) (   0,    0) (   0,    0) (   0,    0) (   0,    0) (   0,    0) (   0,    0) (   0,    0) (   0,    0) (   0,    0)
          (   0,    0) (   0,    0) (   0,    0) (   0,    0) (   0,    0) (   0,    0) (   0,    0) (   0,    0) (   0,    0) (   0,    0)
          (   0,    0) (   0,    0) (   0,    0) (   0,    0) (   0,    0) (   0,    0) (   0,    0) (   0,    0) (   0,    0) (   0,    0)
          (   0,    0) (   0,    0) (   0,    0) (   0,    0) (   0,    0) (   0,    0) (   0,    0) (   0,    0) (   0,    0) (   0,    0)
         
node   4 sent_total    139  recv_total    143

node   5  (   0,    0) (   1,    0) (   0,    0) (   0,    1) (   0,    0) (   0,    0) (   0,    0) (   0,    1) (   4,    0) (   0,    3)
          (   0,    2) (   0,    0) (   0,    0) (   0,    1) (   9,    3) (   0,    3) (   0,    2) (   0,    0) (   0,    0) (   0,    1)
          (   9,    3) (   0,    3) (   0,    2) (   0,    0) (   0,    0) (   0,    1) (   9,    3) (   0,    3) (   0,    2) (   0,    0)
          (   0,    0) (   0,    1) (   9,    3) (   0,    3) (   0,    2) (   0,    0) (   0,    0) (   0,    1) (   9,    3) (   0,    3)
          (   0,    2) (   0,    0) (   0,    0) (   0,    1) (   9,    3) (   0,    3) (   0,    2) (   0,    0) (   0,    0) (   0,    1)
          (   9,    3) (   0,    3) (   0,    2) (   0,    0) (   0,    0) (   0,    1) (   9,    3) (   0,    3) (   0,    2) (   0,    0)
          (   0,    0) (   0,    1) (   9,    3) (   0,    3) (   0,    2) (   0,    0) (   0,    0) (   0,    1) (   9,    3) (   0,    3)
          (   0,    2) (   0,    0) (   0,    0) (   0,    1) (   9,    3) (   0,    3) (   0,    2) (   0,    0) (   0,    0) (   0,    1)
          (   9,    3) (   0,    3) (   0,    2) (   0,    0) (   0,    0) (   0,    1) (   9,    3) (   0,    3) (   0,    2) (   0,    0)
          (   0,    0) (   0,    1) (   9,    3) (   0,    3) (   0,    2) (   0,    0) (   0,    0) (   0,    1) (   9,    3) (   0,    3)
          (   0,    2) (   0,    0) (   0,    0) (   0,    0) (   0,    0) (   0,    0) (   0,    0) (   0,    0) (   0,    0) (   0,    0)
          (   0,    0) (   0,    0) (   0,    0) (   0,    0) (   0,    0) (   0,    0) (   0,    0) (   0,    0) (   0,    0) (   0,    0)
          (   0,    0) (   0,    0) (   0,    0) (   0,    0) (   0,    0) (   0,    0) (   0,    0) (   0,    0) (   0,    0) (   0,    0)
          (   0,    0) (   0,    0) (   0,    0) (   0,    0) (   0,    0) (   0,    0) (   0,    0) (   0,    0) (   0,    0) (   0,    0)
          (   0,    0) (   0,    0) (   0,    0) (   0,    0) (   0,    0) (   0,    0) (   0,    0) (   0,    0) (   0,    0) (   0,    0)
          (   0,    0) (   0,    0) (   0,    0) (   0,    0) (   0,    0) (   0,    0) (   0,    0) (   0,    0) (   0,    0) (   0,    0)
          (   0,    0) (   0,    0) (   0,    0) (   0,    0) (   0,    0) (   0,    0) (   0,    0) (   0,    0) (   0,    0) (   0,    0)
          (   0,    0) (   0,    0) (   0,    0) (   0,    0) (   0,    0) (   0,    0) (   0,    0) (   0,    0) (   0,    0) (   0,    0)
          (   0,    0) (   0,    0) (   0,    0) (   0,    0) (   0,    0) (   0,    0) (   0,    0) (   0,    0) (   0,    0) (   0,    0)
          (   0,    0) (   0,    0) (   0,    0) (   0,    0) (   0,    0) (   0,    0) (   0,    0) (   0,    0) (   0,    0) (   0,    0)
          (   0,    0) (   0,    0) (   0,    0) (   0,    0) (   0,    0) (   0,    0) (   0,    0) (   0,    0) (   0,    0) (   0,    0)
          (   0,    0) (   0,    0) (   0,    0) (   0,    0) (   0,    0) (   0,    0) (   0,    0) (   0,    0) (   0,    0) (   0,    0)
          (   0,    0) (   0,    0) (   0,    0) (   0,    0) (   0,    0) (   0,    0) (   0,    0) (   0,    0) (   0,    0) (   0,    0)
          (   0,    0) (   0,    0) (   0,    0) (   0,    0) (   0,    0) (   0,    0) (   0,    0) (   0,    0) (   0,    0) (   0,    0)
          (   0,    0) (   0,    0) (   0,    0) (   0,    0) (   0,    0) (   0,    0) (   0,    0) (   0,    0) (   0,    0) (   0,    0)
          (   0,    0) (   0,    0) (   0,    0) (   0,    0) (   0,    0) (   0,    0) (   0,    0) (   0,    0) (   0,    0) (   0,    0)
          (   0,    0) (   0,    0) (   0,    0) (   0,    0) (   0,    0) (   0,    0) (   0,    0) (   0,    0) (   0,    0) (   0,    0)
          (   0,    0) (   0,    0) (   0,    0) (   0,    0) (   0,    0) (   0,    0) (   0,    0) (   0,    0) (   0,    0) (   0,    0)
          (   0,    0) (   0,    0) (   0,    0) (   0,    0) (   0,    0) (   0,    0) (   0,    0) (   0,    0) (   0,    0) (   0,    0)
          (   0,    0) (   0,    0) (   0,    0) (   0,    0) (   0,    0) (   0,    0) (   0,    0) (   0,    0) (   0,    0) (   0,    0)
          (   0,    0) (   0,    0) (   0,    0) (   0,    0) (   0,    0) (   0,    0) (   0,    0) (   0,    0) (   0,    0) (   0,    0)
          (   0,    0) (   0,    0) (   0,    0) (   0,    0) (   0,    0) (   0,    0) (   0,    0) (   0,    0) (   0,    0) (   0,    0)
          (   0,    0) (   0,    0) (   0,    0) (   0,    0) (   0,    0) (   0,    0) (   0,    0) (   0,    0) (   0,    0) (   0,    0)
          (   0,    0) (   0,    0) (   0,    0) (   0,    0) (   0,    0) (   0,    0) (   0,    0) (   0,    0) (   0,    0) (   0,    0)
          (   0,    0) (   0,    0) (   0,    0) (   0,    0) (   0,    0) (   0,    0) (   0,    0) (   0,    0) (   0,    0) (   0,    0)
          (   0,    0) (   0,    0) (   0,    0) (   0,    0) (   0,    0) (   0,    0) (   0,    0) (   0,    0) (   0,    0) (   0,    0)
          (   0,    0) (   0,    0) (   0,    0) (   0,    0) (   0,    0) (   0,    0) (   0,    0) (   0,    0) (   0,    0) (   0,    0)
          (   0,    0) (   0,    0) (   0,    0) (   0,    0) (   0,    0) (   0,    0) (   0,    0) (   0,    0) (   0,    0) (   0,    0)
          (   0,    0) (   0,    0) (   0,    0) (   0,    0) (   0,    0) (   0,    0) (   0,    0) (   0,    0) (   0,    0) (   0,    0)
          (   0,    0) (   0,    0) (   0,    0) (   0,    0) (   0,    0) (   0,    0) (   0,    0) (   0,    0) (   0,    0) (   0,    0)
          (   0,    0) (   0,    0) (   0,    0) (   0,    0) (   0,    0) (   0,    0) (   0,    0) (   0,    0) (   0,    0) (   0,    0)
          (   0,    0) (   0,    0) (   0,    0) (   0,    0) (   0,    0) (   0,    0) (   0,    0) (   0,    0) (   0,    0) (   0,    0)
          (   0,    0) (   0,    0) (   0,    0) (   0,    0) (   0,    0) (   0,    0) (   0,    0) (   0,    0) (   0,    0) (   0,    0)
          (   0,    0) (   0,    0) (   0,    0) (   0,    0) (   0,    0) (   0,    0) (   0,    0) (   0,    0) (   0,    0) (   0,    0)
          (   0,    0) (   0,    0) (   0,    0) (   0,    0) (   0,    0) (   0,    0) (   0,    0) (   0,    0) (   0,    0) (   0,    0)
          (   0,    0) (   0,    0) (   0,    0) (   0,    0) (   0,    0) (   0,    0) (   0,    0) (   0,    0) (   0,    0) (   0,    0)
          (   0,    0) (   0,    0) (   0,    0) (   0,    0) (   0,    0) (   0,    0) (   0,    0) (   0,    0) (   0,    0) (   0,    0)
          (   0,    0) (   0,    0) (   0,    0) (   0,    0) (   0,    0) (   0,    0) (   0,    0) (   0,    0) (   0,    0) (   0,    0)
          (   0,    0) (   0,    0) (   0,    0) (   0,    0) (   0,    0) (   0,    0) (   0,    0) (   0,    0) (   0,    0) (   0,    0)
          (   0,    0) (   0,    0) (   0,    0) (   0,    0) (   0,    0) (   0,    0) (   0,    0) (   0,    0) (   0,    0) (   0,    0)
          (   0,    0) (   0,    0) (   0,    0) (   0,    0) (   0,    0) (   0,    0) (   0,    0) (   0,    0) (   0,    0) (   0,    0)
          (   0,    0) (   0,    0) (   0,    0) (   0,    0) (   0,    0) (   0,    0) (   0,    0) (   0,    0) (   0,    0) (   0,    0)
          (   0,    0) (   0,    0) (   0,    0) (   0,    0) (   0,    0) (   0,    0) (   0,    0) (   0,    0) (   0,    0) (   0,    0)
          (   0,    0) (   0,    0) (   0,    0) (   0,    0) (   0,    0) (   0,    0) (   0,    0) (   0,    0) (   0,    0) (   0,    0)
          (   0,    0) (   0,    0) (   0,    0) (   0,    0) (   0,    0) (   0,    0) (   0,    0) (   0,    0) (   0,    0) (   0,    0)
          (   0,    0) (   0,    0) (   0,    0) (   0,    0) (   0,    0) (   0,    0) (   0,    0) (   0,    0) (   0,    0) (   0,    0)
          (   0,    0) (   0,    0) (   0,    0) (   0,    0) (   0,    0) (   0,    0) (   0,    0) (   0,    0) (   0,    0) (   0,    0)
          (   0,    0) (   0,    0) (   0,    0) (   0,    0) (   0,    0) (   0,    0) (   0,    0) (   0,    0) (   0,    0) (   0,    0)
          (   0,    0) (   0,    0) (   0,    0) (   0,    0) (   0,    0) (   0,    0) (   0,    0) (   0,    0) (   0,    0) (   0,    0)
          (   0,    0) (   0,    0) (   0,    0) (   0,    0) (   0,    0) (   0,    0) (   0,    0) (   0,    0) (   0,    0) (   0,    0)
          (   0,    0) (   0,    0) (   0,    0) (   0,    0) (   0,    0) (   0,    0) (   0,    0) (   0,    0) (   0,    0) (   0,    0)
          (   0,    0) (   0,    0) (   0,    0) (   0,    0) (   0,    0) (   0,    0) (   0,    0) (   0,    0) (   0,    0) (   0,    0)
          (   0,    0) (   0,    0) (   0,    0) (   0,    0) (   0,    0) (   0,    0) (   0,    0) (   0,    0) (   0,    0) (   0,    0)
          (   0,    0) (   0,    0) (   0,    0) (   0,    0) (   0,    0) (   0,    0) (   0,    0) (   0,    0) (   0,    0) (   0,    0)
          (   0,    0) (   0,    0) (   0,    0) (   0,    0) (   0,    0) (   0,    0) (   0,    0) (   0,    0) (   0,    0) (   0,    0)
          (   0,    0) (   0,    0) (   0,    0) (   0,    0) (   0,    0) (   0,    0) (   0,    0) (   0,    0) (   0,    0) (   0,    0)
          (   0,    0) (   0,    0) (   0,    0) (   0,    0) (   0,    0) (   0,    0) (   0,    0) (   0,    0) (   0,    0) (   0,    0)
          (   0,    0) (   0,    0) (   0,    0) (   0,    0) (   0,    0) (   0,    0) (   0,    0) (   0,    0) (   0,    0) (   0,    0)
          (   0,    0) (   0,    0) (   0,    0) (   0,    0) (   0,    0) (   0,    0) (   0,    0) (   0,    0) (   0,    0) (   0,    0)
          (   0,    0) (   0,    0) (   0,    0) (   0,    0) (   0,    0) (   0,    0) (   0,    0) (   0,    0) (   0,    0) (   0,    0)
         
node   5 sent_total    140  recv_total    142

node   6  (   0,    0) (   1,    0) (   0,    0) (   0,    1) (   0,    0) (   0,    0) (   0,    0) (   0,    1) (   5,    0) (   0,    2)
          (   0,    2) (   0,    0) (   0,    0) (   0,    1) (   9,    3) (   0,    3) (   0,    2) (   0,    0) (   0,    0) (   0,    1)
          (   9,    3) (   0,    3) (   0,    2) (   0,    0) (   0,    0) (   0,    1) (   9,    3) (   0,    3) (   0,    2) (   0,    0)
          (   0,    0) (   0,    1) (   9,    3) (   0,    3) (   0,    2) (   0,    0) (   0,    0) (   0,    1) (   9,    3) (   0,    3)
          (   0,    2) (   0,    0) (   0,    0) (   0,    1) (   9,    3) (   0,    3) (   0,    2) (   0,    0) (   0,    0) (   0,    1)
          (   9,    3) (   0,    3) (   0,    2) (   0,    0) (   0,    0) (   0,    1) (   9,    3) (   0,    3) (   0,    2) (   0,    0)
          (   0,    0) (   0,    1) (   9,    3) (   0,    3) (   0,    2) (   0,    0) (   0,    0) (   0,    1) (   9,    3) (   0,    3)
          (   0,    2) (   0,    0) (   0,    0) (   0,    1) (   9,    3) (   0,    3) (   0,    2) (   0,    0) (   0,    0) (   0,    1)
          (   9,    3) (   0,    3) (   0,    2) (   0,    0) (   0,    0) (   0,    1) (   9,    3) (   0,    3) (   0,    2) (   0,    0)
          (   0,    0) (   0,    1) (   9,    3) (   0,    3) (   0,    2) (   0,    0) (   0,    0) (   0,    1) (   9,    3) (   0,    3)
          (   0,    2) (   0,    0) (   0,    0) (   0,    0) (   0,    0) (   0,    0) (   0,    0) (   0,    0) (   0,    0) (   0,    0)
          (   0,    0) (   0,    0) (   0,    0) (   0,    0) (   0,    0) (   0,    0) (   0,    0) (   0,    0) (   0,    0) (   0,    0)
          (   0,    0) (   0,    0) (   0,    0) (   0,    0) (   0,    0) (   0,    0) (   0,    0) (   0,    0) (   0,    0) (   0,    0)
          (   0,    0) (   0,    0) (   0,    0) (   0,    0) (   0,    0) (   0,    0) (   0,    0) (   0,    0) (   0,    0) (   0,    0)
          (   0,    0) (   0,    0) (   0,    0) (   0,    0) (   0,    0) (   0,    0) (   0,    0) (   0,    0) (   0,    0) (   0,    0)
          (   0,    0) (   0,    0) (   0,    0) (   0,    0) (   0,    0) (   0,    0) (   0,    0) (   0,    0) (   0,    0) (   0,    0)
          (   0,    0) (   0,    0) (   0,    0) (   0,    0) (   0,    0) (   0,    0) (   0,    0) (   0,    0) (   0,    0) (   0,    0)
          (   0,    0) (   0,    0) (   0,    0) (   0,    0) (   0,    0) (   0,    0) (   0,    0) (   0,    0) (   0,    0) (   0,    0)
          (   0,    0) (   0,    0) (   0,    0) (   0,    0) (   0,    0) (   0,    0) (   0,    0) (   0,    0) (   0,    0) (   0,    0)
          (   0,    0) (   0,    0) (   0,    0) (   0,    0) (   0,    0) (   0,    0) (   0,    0) (   0,    0) (   0,    0) (   0,    0)
          (   0,    0) (   0,    0) (   0,    0) (   0,    0) (   0,    0) (   0,    0) (   0,    0) (   0,    0) (   0,    0) (   0,    0)
          (   0,    0) (   0,    0) (   0,    0) (   0,    0) (   0,    0) (   0,    0) (   0,    0) (   0,    0) (   0,    0) (   0,    0)
          (   0,    0) (   0,    0) (   0,    0) (   0,    0) (   0,    0) (   0,    0) (   0,    0) (   0,    0) (   0,    0) (   0,    0)
          (   0,    0) (   0,    0) (   0,    0) (   0,    0) (   0,    0) (   0,    0) (   0,    0) (   0,    0) (   0,    0) (   0,    0)
          (   0,    0) (   0,    0) (   0,    0) (   0,    0) (   0,    0) (   0,    0) (   0,    0) (   0,    0) (   0,    0) (   0,    0)
          (   0,    0) (   0,    0) (   0,    0) (   0,    0) (   0,    0) (   0,    0) (   0,    0) (   0,    0) (   0,    0) (   0,    0)
          (   0,    0) (   0,    0) (   0,    0) (   0,    0) (   0,    0) (   0,    0) (   0,    0) (   0,    0) (   0,    0) (   0,    0)
          (   0,    0) (   0,    0) (   0,    0) (   0,    0) (   0,    0) (   0,    0) (   0,    0) (   0,    0) (   0,    0) (   0,    0)
          (   0,    0) (   0,    0) (   0,    0) (   0,    0) (   0,    0) (   0,    0) (   0,    0) (   0,    0) (   0,    0) (   0,    0)
          (   0,    0) (   0,    0) (   0,    0) (   0,    0) (   0,    0) (   0,    0) (   0,    0) (   0,    0) (   0,    0) (   0,    0)
          (   0,    0) (   0,    0) (   0,    0) (   0,    0) (   0,    0) (   0,    0) (   0,    0) (   0,    0) (   0,    0) (   0,    0)
          (   0,    0) (   0,    0) (   0,    0) (   0,    0) (   0,    0) (   0,    0) (   0,    0) (   0,    0) (   0,    0) (   0,    0)
          (   0,    0) (   0,    0) (   0,    0) (   0,    0) (   0,    0) (   0,    0) (   0,    0) (   0,    0) (   0,    0) (   0,    0)
          (   0,    0) (   0,    0) (   0,    0) (   0,    0) (   0,    0) (   0,    0) (   0,    0) (   0,    0) (   0,    0) (   0,    0)
          (   0,    0) (   0,    0) (   0,    0) (   0,    0) (   0,    0) (   0,    0) (   0,    0) (   0,    0) (   0,    0) (   0,    0)
          (   0,    0) (   0,    0) (   0,    0) (   0,    0) (   0,    0) (   0,    0) (   0,    0) (   0,    0) (   0,    0) (   0,    0)
          (   0,    0) (   0,    0) (   0,    0) (   0,    0) (   0,    0) (   0,    0) (   0,    0) (   0,    0) (   0,    0) (   0,    0)
          (   0,    0) (   0,    0) (   0,    0) (   0,    0) (   0,    0) (   0,    0) (   0,    0) (   0,    0) (   0,    0) (   0,    0)
          (   0,    0) (   0,    0) (   0,    0) (   0,    0) (   0,    0) (   0,    0) (   0,    0) (   0,    0) (   0,    0) (   0,    0)
          (   0,    0) (   0,    0) (   0,    0) (   0,    0) (   0,    0) (   0,    0) (   0,    0) (   0,    0) (   0,    0) (   0,    0)
          (   0,    0) (   0,    0) (   0,    0) (   0,    0) (   0,    0) (   0,    0) (   0,    0) (   0,    0) (   0,    0) (   0,    0)
          (   0,    0) (   0,    0) (   0,    0) (   0,    0) (   0,    0) (   0,    0) (   0,    0) (   0,    0) (   0,    0) (   0,    0)
          (   0,    0) (   0,    0) (   0,    0) (   0,    0) (   0,    0) (   0,    0) (   0,    0) (   0,    0) (   0,    0) (   0,    0)
          (   0,    0) (   0,    0) (   0,    0) (   0,    0) (   0,    0) (   0,    0) (   0,    0) (   0,    0) (   0,    0) (   0,    0)
          (   0,    0) (   0,    0) (   0,    0) (   0,    0) (   0,    0) (   0,    0) (   0,    0) (   0,    0) (   0,    0) (   0,    0)
          (   0,    0) (   0,    0) (   0,    0) (   0,    0) (   0,    0) (   0,    0) (   0,    0) (   0,    0) (   0,    0) (   0,    0)
          (   0,    0) (   0,    0) (   0,    0) (   0,    0) (   0,    0) (   0,    0) (   0,    0) (   0,    0) (   0,    0) (   0,    0)
          (   0,    0) (   0,    0) (   0,    0) (   0,    0) (   0,    0) (   0,    0) (   0,    0) (   0,    0) (   0,    0) (   0,    0)
          (   0,    0) (   0,    0) (   0,    0) (   0,    0) (   0,    0) (   0,    0) (   0,    0) (   0,    0) (   0,    0) (   0,    0)
          (   0,    0) (   0,    0) (   0,    0) (   0,    0) (   0,    0) (   0,    0) (   0,    0) (   0,    0) (   0,    0) (   0,    0)
          (   0,    0) (   0,    0) (   0,    0) (   0,    0) (   0,    0) (   0,    0) (   0,    0) (   0,    0) (   0,    0) (   0,    0)
          (   0,    0) (   0,    0) (   0,    0) (   0,    0) (   0,    0) (   0,    0) (   0,    0) (   0,    0) (   0,    0) (   0,    0)
          (   0,    0) (   0,    0) (   0,    0) (   0,    0) (   0,    0) (   0,    0) (   0,    0) (   0,    0) (   0,    0) (   0,    0)
          (   0,    0) (   0,    0) (   0,    0) (   0,    0) (   0,    0) (   0,    0) (   0,    0) (   0,    0) (   0,    0) (   0,    0)
          (   0,    0) (   0,    0) (   0,    0) (   0,    0) (   0,    0) (   0,    0) (   0,    0) (   0,    0) (   0,    0) (   0,    0)
          (   0,    0) (   0,    0) (   0,    0) (   0,    0) (   0,    0) (   0,    0) (   0,    0) (   0,    0) (   0,    0) (   0,    0)
          (   0,    0) (   0,    0) (   0,    0) (   0,    0) (   0,    0) (   0,    0) (   0,    0) (   0,    0) (   0,    0) (   0,    0)
          (   0,    0) (   0,    0) (   0,    0) (   0,    0) (   0,    0) (   0,    0) (   0,    0) (   0,    0) (   0,    0) (   0,    0)
          (   0,    0) (   0,    0) (   0,    0) (   0,    0) (   0,    0) (   0,    0) (   0,    0) (   0,    0) (   0,    0) (   0,    0)
          (   0,    0) (   0,    0) (   0,    0) (   0,    0) (   0,    0) (   0,    0) (   0,    0) (   0,    0) (   0,    0) (   0,    0)
          (   0,    0) (   0,    0) (   0,    0) (   0,    0) (   0,    0) (   0,    0) (   0,    0) (   0,    0) (   0,    0) (   0,    0)
          (   0,    0) (   0,    0) (   0,    0) (   0,    0) (   0,    0) (   0,    0) (   0,    0) (   0,    0) (   0,    0) (   0,    0)
          (   0,    0) (   0,    0) (   0,    0) (   0,    0) (   0,    0) (   0,    0) (   0,    0) (   0,    0) (   0,    0) (   0,    0)
          (   0,    0) (   0,    0) (   0,    0) (   0,    0) (   0,    0) (   0,    0) (   0,    0) (   0,    0) (   0,    0) (   0,    0)
          (   0,    0) (   0,    0) (   0,    0) (   0,    0) (   0,    0) (   0,    0) (   0,    0) (   0,    0) (   0,    0) (   0,    0)
          (   0,    0) (   0,    0) (   0,    0) (   0,    0) (   0,    0) (   0,    0) (   0,    0) (   0,    0) (   0,    0) (   0,    0)
          (   0,    0) (   0,    0) (   0,    0) (   0,    0) (   0,    0) (   0,    0) (   0,    0) (   0,    0) (   0,    0) (   0,    0)
          (   0,    0) (   0,    0) (   0,    0) (   0,    0) (   0,    0) (   0,    0) (   0,    0) (   0,    0) (   0,    0) (   0,    0)
          (   0,    0) (   0,    0) (   0,    0) (   0,    0) (   0,    0) (   0,    0) (   0,    0) (   0,    0) (   0,    0) (   0,    0)
          (   0,    0) (   0,    0) (   0,    0) (   0,    0) (   0,    0) (   0,    0) (   0,    0) (   0,    0) (   0,    0) (   0,    0)
         
node   6 sent_total    141  recv_total    141

node   7  (   0,    0) (   1,    0) (   0,    0) (   0,    1) (   0,    0) (   0,    0) (   0,    0) (   0,    1) (   6,    0) (   0,    1)
          (   0,    2) (   0,    0) (   0,    0) (   0,    1) (   9,    3) (   0,    3) (   0,    2) (   0,    0) (   0,    0) (   0,    1)
          (   9,    3) (   0,    3) (   0,    2) (   0,    0) (   0,    0) (   0,    1) (   9,    3) (   0,    3) (   0,    2) (   0,    0)
          (   0,    0) (   0,    1) (   9,    3) (   0,    3) (   0,    2) (   0,    0) (   0,    0) (   0,    1) (   9,    3) (   0,    3)
          (   0,    2) (   0,    0) (   0,    0) (   0,    1) (   9,    3) (   0,    3) (   0,    2) (   0,    0) (   0,    0) (   0,    1)
          (   9,    3) (   0,    3) (   0,    2) (   0,    0) (   0,    0) (   0,    1) (   9,    3) (   0,    3) (   0,    2) (   0,    0)
          (   0,    0) (   0,    1) (   9,    3) (   0,    3) (   0,    2) (   0,    0) (   0,    0) (   0,    1) (   9,    3) (   0,    3)
          (   0,    2) (   0,    0) (   0,    0) (   0,    1) (   9,    3) (   0,    3) (   0,    2) (   0,    0) (   0,    0) (   0,    1)
          (   9,    3) (   0,    3) (   0,    2) (   0,    0) (   0,    0) (   0,    1) (   9,    3) (   0,    3) (   0,    2) (   0,    0)
          (   0,    0) (   0,    1) (   9,    3) (   0,    3) (   0,    2) (   0,    0) (   0,    0) (   0,    1) (   9,    3) (   0,    3)
          (   0,    2) (   0,    0) (   0,    0) (   0,    0) (   0,    0) (   0,    0) (   0,    0) (   0,    0) (   0,    0) (   0,    0)
          (   0,    0) (   0,    0) (   0,    0) (   0,    0) (   0,    0) (   0,    0) (   0,    0) (   0,    0) (   0,    0) (   0,    0)
          (   0,    0) (   0,    0) (   0,    0) (   0,    0) (   0,    0) (   0,    0) (   0,    0) (   0,    0) (   0,    0) (   0,    0)
          (   0,    0) (   0,    0) (   0,    0) (   0,    0) (   0,    0) (   0,    0) (   0,    0) (   0,    0) (   0,    0) (   0,    0)
          (   0,    0) (   0,    0) (   0,    0) (   0,    0) (   0,    0) (   0,    0) (   0,    0) (   0,    0) (   0,    0) (   0,    0)
          (   0,    0) (   0,    0) (   0,    0) (   0,    0) (   0,    0) (   0,    0) (   0,    0) (   0,    0) (   0,    0) (   0,    0)
          (   0,    0) (   0,    0) (   0,    0) (   0,    0) (   0,    0) (   0,    0) (   0,    0) (   0,    0) (   0,    0) (   0,    0)
          (   0,    0) (   0,    0) (   0,    0) (   0,    0) (   0,    0) (   0,    0) (   0,    0) (   0,    0) (   0,    0) (   0,    0)
          (   0,    0) (   0,    0) (   0,    0) (   0,    0) (   0,    0) (   0,    0) (   0,    0) (   0,    0) (   0,    0) (   0,    0)
          (   0,    0) (   0,    0) (   0,    0) (   0,    0) (   0,    0) (   0,    0) (   0,    0) (   0,    0) (   0,    0) (   0,    0)
          (   0,    0) (   0,    0) (   0,    0) (   0,    0) (   0,    0) (   0,    0) (   0,    0) (   0,    0) (   0,    0) (   0,    0)
          (   0,    0) (   0,    0) (   0,    0) (   0,    0) (   0,    0) (   0,    0) (   0,    0) (   0,    0) (   0,    0) (   0,    0)
          (   0,    0) (   0,    0) (   0,    0) (   0,    0) (   0,    0) (   0,    0) (   0,    0) (   0,    0) (   0,    0) (   0,    0)
          (   0,    0) (   0,    0) (   0,    0) (   0,    0) (   0,    0) (   0,    0) (   0,    0) (   0,    0) (   0,    0) (   0,    0)
          (   0,    0) (   0,    0) (   0,    0) (   0,    0) (   0,    0) (   0,    0) (   0,    0) (   0,    0) (   0,    0) (   0,    0)
          (   0,    0) (   0,    0) (   0,    0) (   0,    0) (   0,    0) (   0,    0) (   0,    0) (   0,    0) (   0,    0) (   0,    0)
          (   0,    0) (   0,    0) (   0,    0) (   0,    0) (   0,    0) (   0,    0) (   0,    0) (   0,    0) (   0,    0) (   0,    0)
          (   0,    0) (   0,    0) (   0,    0) (   0,    0) (   0,    0) (   0,    0) (   0,    0) (   0,    0) (   0,    0) (   0,    0)
          (   0,    0) (   0,    0) (   0,    0) (   0,    0) (   0,    0) (   0,    0) (   0,    0) (   0,    0) (   0,    0) (   0,    0)
          (   0,    0) (   0,    0) (   0,    0) (   0,    0) (   0,    0) (   0,    0) (   0,    0) (   0,    0) (   0,    0) (   0,    0)
          (   0,    0) (   0,    0) (   0,    0) (   0,    0) (   0,    0) (   0,    0) (   0,    0) (   0,    0) (   0,    0) (   0,    0)
          (   0,    0) (   0,    0) (   0,    0) (   0,    0) (   0,    0) (   0,    0) (   0,    0) (   0,    0) (   0,    0) (   0,    0)
          (   0,    0) (   0,    0) (   0,    0) (   0,    0) (   0,    0) (   0,    0) (   0,    0) (   0,    0) (   0,    0) (   0,    0)
          (   0,    0) (   0,    0) (   0,    0) (   0,    0) (   0,    0) (   0,    0) (   0,    0) (   0,    0) (   0,    0) (   0,    0)
          (   0,    0) (   0,    0) (   0,    0) (   0,    0) (   0,    0) (   0,    0) (   0,    0) (   0,    0) (   0,    0) (   0,    0)
          (   0,    0) (   0,    0) (   0,    0) (   0,    0) (   0,    0) (   0,    0) (   0,    0) (   0,    0) (   0,    0) (   0,    0)
          (   0,    0) (   0,    0) (   0,    0) (   0,    0) (   0,    0) (   0,    0) (   0,    0) (   0,    0) (   0,    0) (   0,    0)
          (   0,    0) (   0,    0) (   0,    0) (   0,    0) (   0,    0) (   0,    0) (   0,    0) (   0,    0) (   0,    0) (   0,    0)
          (   0,    0) (   0,    0) (   0,    0) (   0,    0) (   0,    0) (   0,    0) (   0,    0) (   0,    0) (   0,    0) (   0,    0)
          (   0,    0) (   0,    0) (   0,    0) (   0,    0) (   0,    0) (   0,    0) (   0,    0) (   0,    0) (   0,    0) (   0,    0)
          (   0,    0) (   0,    0) (   0,    0) (   0,    0) (   0,    0) (   0,    0) (   0,    0) (   0,    0) (   0,    0) (   0,    0)
          (   0,    0) (   0,    0) (   0,    0) (   0,    0) (   0,    0) (   0,    0) (   0,    0) (   0,    0) (   0,    0) (   0,    0)
          (   0,    0) (   0,    0) (   0,    0) (   0,    0) (   0,    0) (   0,    0) (   0,    0) (   0,    0) (   0,    0) (   0,    0)
          (   0,    0) (   0,    0) (   0,    0) (   0,    0) (   0,    0) (   0,    0) (   0,    0) (   0,    0) (   0,    0) (   0,    0)
          (   0,    0) (   0,    0) (   0,    0) (   0,    0) (   0,    0) (   0,    0) (   0,    0) (   0,    0) (   0,    0) (   0,    0)
          (   0,    0) (   0,    0) (   0,    0) (   0,    0) (   0,    0) (   0,    0) (   0,    0) (   0,    0) (   0,    0) (   0,    0)
          (   0,    0) (   0,    0) (   0,    0) (   0,    0) (   0,    0) (   0,    0) (   0,    0) (   0,    0) (   0,    0) (   0,    0)
          (   0,    0) (   0,    0) (   0,    0) (   0,    0) (   0,    0) (   0,    0) (   0,    0) (   0,    0) (   0,    0) (   0,    0)
          (   0,    0) (   0,    0) (   0,    0) (   0,    0) (   0,    0) (   0,    0) (   0,    0) (   0,    0) (   0,    0) (   0,    0)
          (   0,    0) (   0,    0) (   0,    0) (   0,    0) (   0,    0) (   0,    0) (   0,    0) (   0,    0) (   0,    0) (   0,    0)
          (   0,    0) (   0,    0) (   0,    0) (   0,    0) (   0,    0) (   0,    0) (   0,    0) (   0,    0) (   0,    0) (   0,    0)
          (   0,    0) (   0,    0) (   0,    0) (   0,    0) (   0,    0) (   0,    0) (   0,    0) (   0,    0) (   0,    0) (   0,    0)
          (   0,    0) (   0,    0) (   0,    0) (   0,    0) (   0,    0) (   0,    0) (   0,    0) (   0,    0) (   0,    0) (   0,    0)
          (   0,    0) (   0,    0) (   0,    0) (   0,    0) (   0,    0) (   0,    0) (   0,    0) (   0,    0) (   0,    0) (   0,    0)
          (   0,    0) (   0,    0) (   0,    0) (   0,    0) (   0,    0) (   0,    0) (   0,    0) (   0,    0) (   0,    0) (   0,    0)
          (   0,    0) (   0,    0) (   0,    0) (   0,    0) (   0,    0) (   0,    0) (   0,    0) (   0,    0) (   0,    0) (   0,    0)
          (   0,    0) (   0,    0) (   0,    0) (   0,    0) (   0,    0) (   0,    0) (   0,    0) (   0,    0) (   0,    0) (   0,    0)
          (   0,    0) (   0,    0) (   0,    0) (   0,    0) (   0,    0) (   0,    0) (   0,    0) (   0,    0) (   0,    0) (   0,    0)
          (   0,    0) (   0,    0) (   0,    0) (   0,    0) (   0,    0) (   0,    0) (   0,    0) (   0,    0) (   0,    0) (   0,    0)
          (   0,    0) (   0,    0) (   0,    0) (   0,    0) (   0,    0) (   0,    0) (   0,    0) (   0,    0) (   0,    0) (   0,    0)
          (   0,    0) (   0,    0) (   0,    0) (   0,    0) (   0,    0) (   0,    0) (   0,    0) (   0,    0) (   0,    0) (   0,    0)
          (   0,    0) (   0,    0) (   0,    0) (   0,    0) (   0,    0) (   0,    0) (   0,    0) (   0,    0) (   0,    0) (   0,    0)
          (   0,    0) (   0,    0) (   0,    0) (   0,    0) (   0,    0) (   0,    0) (   0,    0) (   0,    0) (   0,    0) (   0,    0)
          (   0,    0) (   0,    0) (   0,    0) (   0,    0) (   0,    0) (   0,    0) (   0,    0) (   0,    0) (   0,    0) (   0,    0)
          (   0,    0) (   0,    0) (   0,    0) (   0,    0) (   0,    0) (   0,    0) (   0,    0) (   0,    0) (   0,    0) (   0,    0)
          (   0,    0) (   0,    0) (   0,    0) (   0,    0) (   0,    0) (   0,    0) (   0,    0) (   0,    0) (   0,    0) (   0,    0)
          (   0,    0) (   0,    0) (   0,    0) (   0,    0) (   0,    0) (   0,    0) (   0,    0) (   0,    0) (   0,    0) (   0,    0)
          (   0,    0) (   0,    0) (   0,    0) (   0,    0) (   0,    0) (   0,    0) (   0,    0) (   0,    0) (   0,    0) (   0,    0)
          (   0,    0) (   0,    0) (   0,    0) (   0,    0) (   0,    0) (   0,    0) (   0,    0) (   0,    0) (   0,    0) (   0,    0)
          (   0,    0) (   0,    0) (   0,    0) (   0,    0) (   0,    0) (   0,    0) (   0,    0) (   0,    0) (   0,    0) (   0,    0)
         
node   7 sent_total    142  recv_total    140

node   8  (   0,    0) (   1,    0) (   0,    0) (   0,    1) (   0,    0) (   0,    0) (   0,    0) (   0,    1) (   7,    0) (   0,    0)
          (   0,    2) (   0,    0) (   0,    0) (   0,    1) (   9,    3) (   0,    3) (   0,    2) (   0,    0) (   0,    0) (   0,    1)
          (   9,    3) (   0,    3) (   0,    2) (   0,    0) (   0,    0) (   0,    1) (   9,    3) (   0,    3) (   0,    2) (   0,    0)
          (   0,    0) (   0,    1) (   9,    3) (   0,    3) (   0,    2) (   0,    0) (   0,    0) (   0,    1) (   9,    3) (   0,    3)
          (   0,    2) (   0,    0) (   0,    0) (   0,    1) (   9,    3) (   0,    3) (   0,    2) (   0,    0) (   0,    0) (   0,    1)
          (   9,    3) (   0,    3) (   0,    2) (   0,    0) (   0,    0) (   0,    1) (   9,    3) (   0,    3) (   0,    2) (   0,    0)
          (   0,    0) (   0,    1) (   9,    3) (   0,    3) (   0,    2) (   0,    0) (   0,    0) (   0,    1) (   9,    3) (   0,    3)
          (   0,    2) (   0,    0) (   0,    0) (   0,    1) (   9,    3) (   0,    3) (   0,    2) (   0,    0) (   0,    0) (   0,    1)
          (   9,    3) (   0,    3) (   0,    2) (   0,    0) (   0,    0) (   0,    1) (   9,    3) (   0,    3) (   0,    2) (   0,    0)
          (   0,    0) (   0,    1) (   9,    3) (   0,    3) (   0,    2) (   0,    0) (   0,    0) (   0,    1) (   9,    3) (   0,    3)
          (   0,    2) (   0,    0) (   0,    0) (   0,    1) (   9,    1) (   0,    0) (   0,    2) (   0,    0) (   0,    0) (   0,    1)
          (   9,    1) (   0,    0) (   0,    2) (   0,    0) (   0,    0) (   0,    1) (   9,    1) (   0,    0) (   0,    2) (   0,    0)
          (   0,    0) (   0,    1) (   6,    1) (   0,    0) (   0,    2) (   0,    0) (   0,    0) (   0,    1) (   4,    1) (   0,    0)
          (   0,    2) (   0,    0) (   0,    0) (   0,    1) (   4,    1) (   0,    0) (   0,    2) (   0,    0) (   0,    0) (   0,    1)
          (   4,    1) (   0,    0) (   0,    2) (   0,    0) (   0,    0) (   0,    1) (   4,    1) (   0,    0) (   0,    2) (   0,    0)
          (   0,    0) (   0,    1) (   4,    1) (   0,    0) (   0,    2) (   0,    0) (   0,    0) (   0,    1) (   4,    1) (   0,    0)
          (   0,    2) (   0,    0) (   0,    0) (   0,    1) (   4,    1) (   0,    0) (   0,    2) (   0,    0) (   0,    0) (   0,    1)
          (   4,    1) (   0,    0) (   0,    2) (   0,    0) (   0,    0) (   0,    1) (   4,    1) (   0,    0) (   0,    2) (   0,    0)
          (   0,    0) (   0,    1) (   4,    1) (   0,    0) (   0,    2) (   0,    0) (   0,    0) (   0,    1) (   4,    1) (   0,    0)
          (   0,    2) (   0,    0) (   0,    0) (   0,    1) (   4,    1) (   0,    0) (   0,    2) (   0,    0) (   0,    0) (   0,    1)
          (   4,    1) (   0,    0) (   0,    2) (   0,    0) (   0,    0) (   0,    1) (   4,    1) (   0,    0) (   0,    2) (   0,    0)
          (   0,    0) (   0,    1) (   4,    1) (   0,    0) (   0,    2) (   0,    0) (   0,    0) (   0,    1) (   4,    1) (   0,    0)
          (   0,    2) (   0,    0) (   0,    0) (   0,    1) (   4,    1) (   0,    0) (   0,    2) (   0,    0) (   0,    0) (   0,    1)
          (   4,    1) (   0,    0) (   0,    2) (   0,    0) (   0,    0) (   0,    1) (   4,    1) (   0,    0) (   0,    2) (   0,    0)
          (   0,    0) (   0,    1) (   4,    1) (   0,    0) (   0,    2) (   0,    0) (   0,    0) (   0,    1) (   4,    1) (   0,    0)
          (   0,    2) (   0,    0) (   0,    0) (   0,    1) (   4,    1) (   0,    0) (   0,    2) (   0,    0) (   0,    0) (   0,    1)
          (   4,    1) (   0,    0) (   0,    2) (   0,    0) (   0,    0) (   0,    1) (   4,    1) (   0,    0) (   0,    2) (   0,    0)
          (   0,    0) (   0,    1) (   4,    1) (   0,    0) (   0,    2) (   0,    0) (   0,    0) (   0,    1) (   4,    1) (   0,    0)
          (   0,    2) (   0,    0) (   0,    0) (   0,    1) (   4,    1) (   0,    0) (   0,    2) (   0,    0) (   0,    0) (   0,    1)
          (   4,    1) (   0,    0) (   0,    2) (   0,    0) (   0,    0) (   0,    1) (   4,    1) (   0,    0) (   0,    2) (   0,    0)
          (   0,    0) (   0,    1) (   4,    1) (   0,    0) (   0,    2) (   0,    0) (   0,    0) (   0,    1) (   4,    1) (   0,    0)
          (   0,    2) (   0,    0) (   0,    0) (   0,    1) (   4,    1) (   0,    0) (   0,    2) (   0,    0) (   0,    0) (   0,    1)
          (   4,    1) (   0,    0) (   0,    2) (   0,    0) (   0,    0) (   0,    1) (   4,    1) (   0,    0) (   0,    2) (   0,    0)
          (   0,    0) (   0,    1) (   4,    1) (   0,    0) (   0,    2) (   0,    0) (   0,    0) (   0,    1) (   4,    1) (   0,    0)
          (   0,    2) (   0,    0) (   0,    0) (   0,    1) (   4,    1) (   0,    0) (   0,    2) (   0,    0) (   0,    0) (   0,    1)
          (   4,    1) (   0,    0) (   0,    2) (   0,    0) (   0,    0) (   0,    1) (   4,    1) (   0,    0) (   0,    2) (   0,    0)
          (   0,    0) (   0,    1) (   4,    1) (   0,    0) (   0,    2) (   0,    0) (   0,    0) (   0,    1) (   4,    1) (   0,    0)
          (   0,    2) (   0,    0) (   0,    0) (   0,    1) (   4,    1) (   0,    0) (   0,    2) (   0,    0) (   0,    0) (   0,    1)
          (   4,    1) (   0,    0) (   0,    2) (   0,    0) (   0,    0) (   0,    1) (   4,    1) (   0,    0) (   0,    2) (   0,    0)
          (   0,    0) (   0,    1) (   4,    1) (   0,    0) (   0,    2) (   0,    0) (   0,    0) (   0,    1) (   4,    1) (   0,    0)
          (   0,    2) (   0,    0) (   0,    0) (   0,    1) (   4,    1) (   0,    0) (   0,    2) (   0,    0) (   0,    0) (   0,    1)
          (   4,    1) (   0,    0) (   0,    2) (   0,    0) (   0,    0) (   0,    1) (   4,    1) (   0,    0) (   0,    2) (   0,    0)
          (   0,    0) (   0,    1) (   4,    1) (   0,    0) (   0,    2) (   0,    0) (   0,    0) (   0,    1) (   4,    1) (   0,    0)
          (   0,    2) (   0,    0) (   0,    0) (   0,    1) (   4,    1) (   0,    0) (   0,    2) (   0,    0) (   0,    0) (   0,    1)
          (   4,    1) (   0,    0) (   0,    2) (   0,    0) (   0,    0) (   0,    1) (   4,    1) (   0,    0) (   0,    2) (   0,    0)
          (   0,    0) (   0,    1) (   4,    1) (   0,    0) (   0,    2) (   0,    0) (   0,    0) (   0,    1) (   4,    1) (   0,    0)
          (   0,    2) (   0,    0) (   0,    0) (   0,    1) (   4,    1) (   0,    0) (   0,    2) (   0,    0) (   0,    0) (   0,    1)
          (   4,    1) (   0,    0) (   0,    2) (   0,    0) (   0,    0) (   0,    1) (   4,    1) (   0,    0) (   0,    2) (   0,    0)
          (   0,    0) (   0,    1) (   4,    1) (   0,    0) (   0,    2) (   0,    0) (   0,    0) (   0,    1) (   4,    1) (   0,    0)
          (   0,    2) (   0,    0) (   0,    0) (   0,    1) (   4,    1) (   0,    0) (   0,    2) (   0,    0) (   0,    0) (   0,    1)
          (   4,    1) (   0,    0) (   0,    2) (   0,    0) (   0,    0) (   0,    1) (   4,    1) (   0,    0) (   0,    2) (   0,    0)
          (   0,    0) (   0,    1) (   4,    1) (   0,    0) (   0,    2) (   0,    0) (   0,    0) (   0,    1) (   4,    1) (   0,    0)
          (   0,    2) (   0,    0) (   0,    0) (   0,    1) (   4,    1) (   0,    0) (   0,    2) (   0,    0) (   0,    0) (   0,    1)
          (   4,    1) (   0,    0) (   0,    2) (   0,    0) (   0,    0) (   0,    1) (   4,    1) (   0,    0) (   0,    2) (   0,    0)
          (   0,    0) (   0,    1) (   4,    1) (   0,    0) (   0,    2) (   0,    0) (   0,    0) (   0,    1) (   4,    1) (   0,    0)
          (   0,    2) (   0,    0) (   0,    0) (   0,    1) (   4,    1) (   0,    0) (   0,    2) (   0,    0) (   0,    0) (   0,    1)
          (   4,    1) (   0,    0) (   0,    2) (   0,    0) (   0,    0) (   0,    1) (   4,    1) (   0,    0) (   0,    2) (   0,    0)
          (   0,    0) (   0,    1) (   4,    1) (   0,    0) (   0,    2) (   0,    0) (   0,    0) (   0,    1) (   4,    1) (   0,    0)
          (   0,    2) (   0,    0) (   0,    0) (   0,    1) (   4,    1) (   0,    0) (   0,    2) (   0,    0) (   0,    0) (   0,    1)
          (   4,    1) (   0,    0) (   0,    2) (   0,    0) (   0,    0) (   0,    1) (   4,    1) (   0,    0) (   0,    2) (   0,    0)
          (   0,    0) (   0,    1) (   4,    1) (   0,    0) (   0,    2) (   0,    0) (   0,    0) (   0,    1) (   4,    1) (   0,    0)
          (   0,    2) (   0,    0) (   0,    0) (   0,    1) (   4,    1) (   0,    0) (   0,    2) (   0,    0) (   0,    0) (   0,    1)
          (   4,    1) (   0,    0) (   0,    2) (   0,    0) (   0,    0) (   0,    1) (   4,    1) (   0,    0) (   0,    2) (   0,    0)
          (   0,    0) (   0,    1) (   4,    1) (   0,    0) (   0,    2) (   0,    0) (   0,    0) (   0,    1) (   4,    1) (   0,    0)
          (   0,    2) (   0,    0) (   0,    0) (   0,    1) (   4,    1) (   0,    0) (   0,    2) (   0,    0) (   0,    0) (   0,    1)
          (   4,    1) (   0,    0) (   0,    2) (   0,    0) (   0,    0) (   0,    1) (   4,    1) (   0,    0) (   0,    2) (   0,    0)
          (   0,    0) (   0,    1) (   4,    1) (   0,    0) (   0,    2) (   0,    0) (   0,    0) (   0,    1) (   4,    1) (   0,    0)
          (   0,    2) (   0,    0) (   0,    0) (   0,    1) (   4,    1) (   0,    0) (   0,    2) (   0,    0) (   0,    0) (   0,    1)
          (   4,    1) (   0,    0) (   0,    2) (   0,    0) (   0,    0) (   0,    1) (   4,    1) (   0,    0) (   0,    2) (   0,    0)
          (   0,    0) (   0,    1) (   4,    1) (   0,    0) (   0,    2) (   0,    0) (   0,    0) (   0,    1) (   4,    1) (   0,    0)
         
node   8 sent_total    560  recv_total    537

node   9  (   0,    0) (   0,    0) (   1,    0) (   0,    0) (   0,    1) (   0,    0) (   0,    0) (   0,    1) (   0,    0) (   8,    0)
          (   0,    1) (   0,    0) (   0,    0) (   0,    1) (   0,    3) (   9,    4) (   0,    1) (   0,    0) (   0,    0) (   0,    1)
          (   0,    3) (   9,    4) (   0,    1) (   0,    0) (   0,    0) (   0,    1) (   0,    3) (   9,    4) (   0,    1) (   0,    0)
          (   0,    0) (   0,    1) (   0,    3) (   9,    4) (   0,    1) (   0,    0) (   0,    0) (   0,    1) (   0,    3) (   9,    4)
          (   0,    1) (   0,    0) (   0,    0) (   0,    1) (   0,    3) (   9,    4) (   0,    1) (   0,    0) (   0,    0) (   0,    1)
          (   0,    3) (   9,    4) (   0,    1) (   0,    0) (   0,    0) (   0,    1) (   0,    3) (   9,    4) (   0,    1) (   0,    0)
          (   0,    0) (   0,    1) (   0,    3) (   9,    4) (   0,    1) (   0,    0) (   0,    0) (   0,    1) (   0,    3) (   9,    4)
          (   0,    1) (   0,    0) (   0,    0) (   0,    1) (   0,    3) (   9,    4) (   0,    1) (   0,    0) (   0,    0) (   0,    1)
          (   0,    3) (   9,    4) (   0,    1) (   0,    0) (   0,    0) (   0,    1) (   0,    3) (   9,    4) (   0,    1) (   0,    0)
          (   0,    0) (   0,    1) (   0,    3) (   9,    4) (   0,    1) (   0,    0) (   0,    0) (   0,    1) (   0,    3) (   9,    4)
          (   0,    1) (   0,    0) (   0,    0) (   0,    1) (   0,    1) (   9,    1) (   0,    1) (   0,    0) (   0,    0) (   0,    1)
          (   0,    1) (   9,    1) (   0,    1) (   0,    0) (   0,    0) (   0,    1) (   0,    1) (   9,    1) (   0,    1) (   0,    0)
          (   0,    0) (   0,    1) (   0,    1) (   5,    1) (   0,    1) (   0,    0) (   0,    0) (   0,    1) (   0,    1) (   4,    1)
          (   0,    1) (   0,    0) (   0,    0) (   0,    1) (   0,    1) (   4,    1) (   0,    1) (   0,    0) (   0,    0) (   0,    1)
          (   0,    1) (   4,    1) (   0,    1) (   0,    0) (   0,    0) (   0,    1) (   0,    1) (   4,    1) (   0,    1) (   0,    0)
          (   0,    0) (   0,    1) (   0,    1) (   4,    1) (   0,    1) (   0,    0) (   0,    0) (   0,    1) (   0,    1) (   4,    1)
          (   0,    1) (   0,    0) (   0,    0) (   0,    1) (   0,    1) (   4,    1) (   0,    1) (   0,    0) (   0,    0) (   0,    1)
          (   0,    1) (   4,    1) (   0,    1) (   0,    0) (   0,    0) (   0,    1) (   0,    1) (   4,    1) (   0,    1) (   0,    0)
          (   0,    0) (   0,    1) (   0,    1) (   4,    1) (   0,    1) (   0,    0) (   0,    0) (   0,    1) (   0,    1) (   4,    1)
          (   0,    1) (   0,    0) (   0,    0) (   0,    1) (   0,    1) (   4,    1) (   0,    1) (   0,    0) (   0,    0) (   0,    1)
          (   0,    1) (   4,    1) (   0,    1) (   0,    0) (   0,    0) (   0,    1) (   0,    1) (   4,    1) (   0,    1) (   0,    0)
          (   0,    0) (   0,    1) (   0,    1) (   4,    1) (   0,    1) (   0,    0) (   0,    0) (   0,    1) (   0,    1) (   4,    1)
          (   0,    1) (   0,    0) (   0,    0) (   0,    1) (   0,    1) (   4,    1) (   0,    1) (   0,    0) (   0,    0) (   0,    1)
          (   0,    1) (   4,    1) (   0,    1) (   0,    0) (   0,    0) (   0,    1) (   0,    1) (   4,    1) (   0,    1) (   0,    0)
          (   0,    0) (   0,    1) (   0,    1) (   4,    1) (   0,    1) (   0,    0) (   0,    0) (   0,    1) (   0,    1) (   4,    1)
          (   0,    1) (   0,    0) (   0,    0) (   0,    1) (   0,    1) (   4,    1) (   0,    1) (   0,    0) (   0,    0) (   0,    1)
          (   0,    1) (   4,    1) (   0,    1) (   0,    0) (   0,    0) (   0,    1) (   0,    1) (   4,    1) (   0,    1) (   0,    0)
          (   0,    0) (   0,    1) (   0,    1) (   4,    1) (   0,    1) (   0,    0) (   0,    0) (   0,    1) (   0,    1) (   4,    1)
          (   0,    1) (   0,    0) (   0,    0) (   0,    1) (   0,    1) (   4,    1) (   0,    1) (   0,    0) (   0,    0) (   0,    1)
          (   0,    1) (   4,    1) (   0,    1) (   0,    0) (   0,    0) (   0,    1) (   0,    1) (   4,    1) (   0,    1) (   0,    0)
          (   0,    0) (   0,    1) (   0,    1) (   4,    1) (   0,    1) (   0,    0) (   0,    0) (   0,    1) (   0,    1) (   4,    1)
          (   0,    1) (   0,    0) (   0,    0) (   0,    1) (   0,    1) (   4,    1) (   0,    1) (   0,    0) (   0,    0) (   0,    1)
          (   0,    1) (   4,    1) (   0,    1) (   0,    0) (   0,    0) (   0,    1) (   0,    1) (   4,    1) (   0,    1) (   0,    0)
          (   0,    0) (   0,    1) (   0,    1) (   4,    1) (   0,    1) (   0,    0) (   0,    0) (   0,    1) (   0,    1) (   4,    1)
          (   0,    1) (   0,    0) (   0,    0) (   0,    1) (   0,    1) (   4,    1) (   0,    1) (   0,    0) (   0,    0) (   0,    1)
          (   0,    1) (   4,    1) (   0,    1) (   0,    0) (   0,    0) (   0,    1) (   0,    1) (   4,    1) (   0,    1) (   0,    0)
          (   0,    0) (   0,    1) (   0,    1) (   4,    1) (   0,    1) (   0,    0) (   0,    0) (   0,    1) (   0,    1) (   4,    1)
          (   0,    1) (   0,    0) (   0,    0) (   0,    1) (   0,    1) (   4,    1) (   0,    1) (   0,    0) (   0,    0) (   0,    1)
          (   0,    1) (   4,    1) (   0,    1) (   0,    0) (   0,    0) (   0,    1) (   0,    1) (   4,    1) (   0,    1) (   0,    0)
          (   0,    0) (   0,    1) (   0,    1) (   4,    1) (   0,    1) (   0,    0) (   0,    0) (   0,    1) (   0,    1) (   4,    1)
          (   0,    1) (   0,    0) (   0,    0) (   0,    1) (   0,    1) (   4,    1) (   0,    1) (   0,    0) (   0,    0) (   0,    1)
          (   0,    1) (   4,    1) (   0,    1) (   0,    0) (   0,    0) (   0,    1) (   0,    1) (   4,    1) (   0,    1) (   0,    0)
          (   0,    0) (   0,    1) (   0,    1) (   4,    1) (   0,    1) (   0,    0) (   0,    0) (   0,    1) (   0,    1) (   4,    1)
          (   0,    1) (   0,    0) (   0,    0) (   0,    1) (   0,    1) (   4,    1) (   0,    1) (   0,    0) (   0,    0) (   0,    1)
          (   0,    1) (   4,    1) (   0,    1) (   0,    0) (   0,    0) (   0,    1) (   0,    1) (   4,    1) (   0,    1) (   0,    0)
          (   0,    0) (   0,    1) (   0,    1) (   4,    1) (   0,    1) (   0,    0) (   0,    0) (   0,    1) (   0,    1) (   4,    1)
          (   0,    1) (   0,    0) (   0,    0) (   0,    1) (   0,    1) (   4,    1) (   0,    1) (   0,    0) (   0,    0) (   0,    1)
          (   0,    1) (   4,    1) (   0,    1) (   0,    0) (   0,    0) (   0,    1) (   0,    1) (   4,    1) (   0,    1) (   0,    0)
          (   0,    0) (   0,    1) (   0,    1) (   4,    1) (   0,    1) (   0,    0) (   0,    0) (   0,    1) (   0,    1) (   4,    1)
          (   0,    1) (   0,    0) (   0,    0) (   0,    1) (   0,    1) (   4,    1) (   0,    1) (   0,    0) (   0,    0) (   0,    1)
          (   0,    1) (   4,    1) (   0,    1) (   0,    0) (   0,    0) (   0,    1) (   0,    1) (   4,    1) (   0,    1) (   0,    0)
          (   0,    0) (   0,    1) (   0,    1) (   4,    1) (   0,    1) (   0,    0) (   0,    0) (   0,    1) (   0,    1) (   4,    1)
          (   0,    1) (   0,    0) (   0,    0) (   0,    1) (   0,    1) (   4,    1) (   0,    1) (   0,    0) (   0,    0) (   0,    1)
          (   0,    1) (   4,    1) (   0,    1) (   0,    0) (   0,    0) (   0,    1) (   0,    1) (   4,    1) (   0,    1) (   0,    0)
          (   0,    0) (   0,    1) (   0,    1) (   4,    1) (   0,    1) (   0,    0) (   0,    0) (   0,    1) (   0,    1) (   4,    1)
          (   0,    1) (   0,    0) (   0,    0) (   0,    1) (   0,    1) (   4,    1) (   0,    1) (   0,    0) (   0,    0) (   0,    1)
          (   0,    1) (   4,    1) (   0,    1) (   0,    0) (   0,    0) (   0,    1) (   0,    1) (   4,    1) (   0,    1) (   0,    0)
          (   0,    0) (   0,    1) (   0,    1) (   4,    1) (   0,    1) (   0,    0) (   0,    0) (   0,    1) (   0,    1) (   4,    1)
          (   0,    1) (   0,    0) (   0,    0) (   0,    1) (   0,    1) (   4,    1) (   0,    1) (   0,    0) (   0,    0) (   0,    1)
          (   0,    1) (   4,    1) (   0,    1) (   0,    0) (   0,    0) (   0,    1) (   0,    1) (   4,    1) (   0,    1) (   0,    0)
          (   0,    0) (   0,    1) (   0,    1) (   4,    1) (   0,    1) (   0,    0) (   0,    0) (   0,    1) (   0,    1) (   4,    1)
          (   0,    1) (   0,    0) (   0,    0) (   0,    1) (   0,    1) (   4,    1) (   0,    1) (   0,    0) (   0,    0) (   0,    1)
          (   0,    1) (   4,    1) (   0,    1) (   0,    0) (   0,    0) (   0,    1) (   0,    1) (   4,    1) (   0,    1) (   0,    0)
          (   0,    0) (   0,    1) (   0,    1) (   4,    1) (   0,    1) (   0,    0) (   0,    0) (   0,    1) (   0,    1) (   4,    1)
          (   0,    1) (   0,    0) (   0,    0) (   0,    1) (   0,    1) (   4,    1) (   0,    1) (   0,    0) (   0,    0) (   0,    1)
          (   0,    1) (   4,    1) (   0,    1) (   0,    0) (   0,    0) (   0,    1) (   0,    1) (   4,    1) (   0,    1) (   0,    0)
          (   0,    0) (   0,    1) (   0,    1) (   4,    1) (   0,    1) (   0,    0) (   0,    0) (   0,    1) (   0,    1) (   4,    1)
          (   0,    1) (   0,    0) (   0,    0) (   0,    1) (   0,    1) (   4,    1) (   0,    1) (   0,    0) (   0,    0) (   0,    1)
          (   0,    1) (   4,    1) (   0,    1) (   0,    0) (   0,    0) (   0,    1) (   0,    1) (   4,    1) (   0,    1) (   0,    0)
          (   0,    0) (   0,    1) (   0,    1) (   4,    1) (   0,    1) (   0,    0) (   0,    0) (   0,    1) (   0,    1) (   4,    1)
         
node   9 sent_total    560  recv_total    537

node  10  (   0,    0) (   0,    0) (   1,    0) (   0,    0) (   0,    1) (   0,    0) (   0,    0) (   0,    1) (   0,    0) (   9,    0)
          (   0,    0) (   0,    0) (   0,    0) (   0,    1) (   0,    3) (   9,    4) (   0,    1) (   0,    0) (   0,    0) (   0,    1)
          (   0,    3) (   9,    4) (   0,    1) (   0,    0) (   0,    0) (   0,    1) (   0,    3) (   9,    4) (   0,    1) (   0,    0)
          (   0,    0) (   0,    1) (   0,    3) (   9,    4) (   0,    1) (   0,    0) (   0,    0) (   0,    1) (   0,    3) (   9,    4)
          (   0,    1) (   0,    0) (   0,    0) (   0,    1) (   0,    3) (   9,    4) (   0,    1) (   0,    0) (   0,    0) (   0,    1)
          (   0,    3) (   9,    4) (   0,    1) (   0,    0) (   0,    0) (   0,    1) (   0,    3) (   9,    4) (   0,    1) (   0,    0)
          (   0,    0) (   0,    1) (   0,    3) (   9,    4) (   0,    1) (   0,    0) (   0,    0) (   0,    1) (   0,    3) (   9,    4)
          (   0,    1) (   0,    0) (   0,    0) (   0,    1) (   0,    3) (   9,    4) (   0,    1) (   0,    0) (   0,    0) (   0,    1)
          (   0,    3) (   9,    4) (   0,    1) (   0,    0) (   0,    0) (   0,    1) (   0,    3) (   9,    4) (   0,    1) (   0,    0)
          (   0,    0) (   0,    1) (   0,    3) (   9,    4) (   0,    1) (   0,    0) (   0,    0) (   0,    1) (   0,    3) (   9,    4)
          (   0,    1) (   0,    0) (   0,    0) (   0,    1) (   0,    1) (   9,    1) (   0,    1) (   0,    0) (   0,    0) (   0,    1)
          (   0,    1) (   9,    1) (   0,    1) (   0,    0) (   0,    0) (   0,    1) (   0,    1) (   9,    1) (   0,    1) (   0,    0)
          (   0,    0) (   0,    1) (   0,    1) (   5,    1) (   0,    1) (   0,    0) (   0,    0) (   0,    1) (   0,    1) (   4,    1)
          (   0,    1) (   0,    0) (   0,    0) (   0,    1) (   0,    1) (   4,    1) (   0,    1) (   0,    0) (   0,    0) (   0,    1)
          (   0,    1) (   4,    1) (   0,    1) (   0,    0) (   0,    0) (   0,    1) (   0,    1) (   4,    1) (   0,    1) (   0,    0)
          (   0,    0) (   0,    1) (   0,    1) (   4,    1) (   0,    1) (   0,    0) (   0,    0) (   0,    1) (   0,    1) (   4,    1)
          (   0,    1) (   0,    0) (   0,    0) (   0,    1) (   0,    1) (   4,    1) (   0,    1) (   0,    0) (   0,    0) (   0,    1)
          (   0,    1) (   4,    1) (   0,    1) (   0,    0) (   0,    0) (   0,    1) (   0,    1) (   4,    1) (   0,    1) (   0,    0)
          (   0,    0) (   0,    1) (   0,    1) (   4,    1) (   0,    1) (   0,    0) (   0,    0) (   0,    1) (   0,    1) (   4,    1)
          (   0,    1) (   0,    0) (   0,    0) (   0,    1) (   0,    1) (   4,    1) (   0,    1) (   0,    0) (   0,    0) (   0,    1)
          (   0,    1) (   4,    1) (   0,    1) (   0,    0) (   0,    0) (   0,    1) (   0,    1) (   4,    1) (   0,    1) (   0,    0)
          (   0,    0) (   0,    1) (   0,    1) (   4,    1) (   0,    1) (   0,    0) (   0,    0) (   0,    1) (   0,    1) (   4,    1)
          (   0,    1) (   0,    0) (   0,    0) (   0,    1) (   0,    1) (   4,    1) (   0,    1) (   0,    0) (   0,    0) (   0,    1)
          (   0,    1) (   4,    1) (   0,    1) (   0,    0) (   0,    0) (   0,    1) (   0,    1) (   4,    1) (   0,    1) (   0,    0)
          (   0,    0) (   0,    1) (   0,    1) (   4,    1) (   0,    1) (   0,    0) (   0,    0) (   0,    1) (   0,    1) (   4,    1)
          (   0,    1) (   0,    0) (   0,    0) (   0,    1) (   0,    1) (   4,    1) (   0,    1) (   0,    0) (   0,    0) (   0,    1)
          (   0,    1) (   4,    1) (   0,    1) (   0,    0) (   0,    0) (   0,    1) (   0,    1) (   4,    1) (   0,    1) (   0,    0)
          (   0,    0) (   0,    1) (   0,    1) (   4,    1) (   0,    1) (   0,    0) (   0,    0) (   0,    1) (   0,    1) (   4,    1)
          (   0,    1) (   0,    0) (   0,    0) (   0,    1) (   0,    1) (   4,    1) (   0,    1) (   0,    0) (   0,    0) (   0,    1)
          (   0,    1) (   4,    1) (   0,    1) (   0,    0) (   0,    0) (   0,    1) (   0,    1) (   4,    1) (   0,    1) (   0,    0)
          (   0,    0) (   0,    1) (   0,    1) (   4,    1) (   0,    1) (   0,    0) (   0,    0) (   0,    1) (   0,    1) (   4,    1)
          (   0,    1) (   0,    0) (   0,    0) (   0,    1) (   0,    1) (   4,    1) (   0,    1) (   0,    0) (   0,    0) (   0,    1)
          (   0,    1) (   4,    1) (   0,    1) (   0,    0) (   0,    0) (   0,    1) (   0,    1) (   4,    1) (   0,    1) (   0,    0)
          (   0,    0) (   0,    1) (   0,    1) (   4,    1) (   0,    1) (   0,    0) (   0,    0) (   0,    1) (   0,    1) (   4,    1)
          (   0,    1) (   0,    0) (   0,    0) (   0,    1) (   0,    1) (   4,    1) (   0,    1) (   0,    0) (   0,    0) (   0,    1)
          (   0,    1) (   4,    1) (   0,    1) (   0,    0) (   0,    0) (   0,    1) (   0,    1) (   4,    1) (   0,    1) (   0,    0)
          (   0,    0) (   0,    1) (   0,    1) (   4,    1) (   0,    1) (   0,    0) (   0,    0) (   0,    1) (   0,    1) (   4,    1)
          (   0,    1) (   0,    0) (   0,    0) (   0,    1) (   0,    1) (   4,    1) (   0,    1) (   0,    0) (   0,    0) (   0,    1)
          (   0,    1) (   4,    1) (   0,    1) (   0,    0) (   0,    0) (   0,    1) (   0,    1) (   4,    1) (   0,    1) (   0,    0)
          (   0,    0) (   0,    1) (   0,    1) (   4,    1) (   0,    1) (   0,    0) (   0,    0) (   0,    1) (   0,    1) (   4,    1)
          (   0,    1) (   0,    0) (   0,    0) (   0,    1) (   0,    1) (   4,    1) (   0,    1) (   0,    0) (   0,    0) (   0,    1)
          (   0,    1) (   4,    1) (   0,    1) (   0,    0) (   0,    0) (   0,    1) (   0,    1) (   4,    1) (   0,    1) (   0,    0)
          (   0,    0) (   0,    1) (   0,    1) (   4,    1) (   0,    1) (   0,    0) (   0,    0) (   0,    1) (   0,    1) (   4,    1)
          (   0,    1) (   0,    0) (   0,    0) (   0,    1) (   0,    1) (   4,    1) (   0,    1) (   0,    0) (   0,    0) (   0,    1)
          (   0,    1) (   4,    1) (   0,    1) (   0,    0) (   0,    0) (   0,    1) (   0,    1) (   4,    1) (   0,    1) (   0,    0)
          (   0,    0) (   0,    1) (   0,    1) (   4,    1) (   0,    1) (   0,    0) (   0,    0) (   0,    1) (   0,    1) (   4,    1)
          (   0,    1) (   0,    0) (   0,    0) (   0,    1) (   0,    1) (   4,    1) (   0,    1) (   0,    0) (   0,    0) (   0,    1)
          (   0,    1) (   4,    1) (   0,    1) (   0,    0) (   0,    0) (   0,    1) (   0,    1) (   4,    1) (   0,    1) (   0,    0)
          (   0,    0) (   0,    1) (   0,    1) (   4,    1) (   0,    1) (   0,    0) (   0,    0) (   0,    1) (   0,    1) (   4,    1)
          (   0,    1) (   0,    0) (   0,    0) (   0,    1) (   0,    1) (   4,    1) (   0,    1) (   0,    0) (   0,    0) (   0,    1)
          (   0,    1) (   4,    1) (   0,    1) (   0,    0) (   0,    0) (   0,    1) (   0,    1) (   4,    1) (   0,    1) (   0,    0)
          (   0,    0) (   0,    1) (   0,    1) (   4,    1) (   0,    1) (   0,    0) (   0,    0) (   0,    1) (   0,    1) (   4,    1)
          (   0,    1) (   0,    0) (   0,    0) (   0,    1) (   0,    1) (   4,    1) (   0,    1) (   0,    0) (   0,    0) (   0,    1)
          (   0,    1) (   4,    1) (   0,    1) (   0,    0) (   0,    0) (   0,    1) (   0,    1) (   4,    1) (   0,    1) (   0,    0)
          (   0,    0) (   0,    1) (   0,    1) (   4,    1) (   0,    1) (   0,    0) (   0,    0) (   0,    1) (   0,    1) (   4,    1)
          (   0,    1) (   0,    0) (   0,    0) (   0,    1) (   0,    1) (   4,    1) (   0,    1) (   0,    0) (   0,    0) (   0,    1)
          (   0,    1) (   4,    1) (   0,    1) (   0,    0) (   0,    0) (   0,    1) (   0,    1) (   4,    1) (   0,    1) (   0,    0)
          (   0,    0) (   0,    1) (   0,    1) (   4,    1) (   0,    1) (   0,    0) (   0,    0) (   0,    1) (   0,    1) (   4,    1)
          (   0,    1) (   0,    0) (   0,    0) (   0,    1) (   0,    1) (   4,    1) (   0,    1) (   0,    0) (   0,    0) (   0,    1)
          (   0,    1) (   4,    1) (   0,    1) (   0,    0) (   0,    0) (   0,    1) (   0,    1) (   4,    1) (   0,    1) (   0,    0)
          (   0,    0) (   0,    1) (   0,    1) (   4,    1) (   0,    1) (   0,    0) (   0,    0) (   0,    1) (   0,    1) (   4,    1)
          (   0,    1) (   0,    0) (   0,    0) (   0,    1) (   0,    1) (   4,    1) (   0,    1) (   0,    0) (   0,    0) (   0,    1)
          (   0,    1) (   4,    1) (   0,    1) (   0,    0) (   0,    0) (   0,    1) (   0,    1) (   4,    1) (   0,    1) (   0,    0)
          (   0,    0) (   0,    1) (   0,    1) (   4,    1) (   0,    1) (   0,    0) (   0,    0) (   0,    1) (   0,    1) (   4,    1)
          (   0,    1) (   0,    0) (   0,    0) (   0,    1) (   0,    1) (   4,    1) (   0,    1) (   0,    0) (   0,    0) (   0,    1)
          (   0,    1) (   4,    1) (   0,    1) (   0,    0) (   0,    0) (   0,    1) (   0,    1) (   4,    1) (   0,    1) (   0,    0)
          (   0,    0) (   0,    1) (   0,    1) (   4,    1) (   0,    1) (   0,    0) (   0,    0) (   0,    1) (   0,    1) (   4,    1)
          (   0,    1) (   0,    0) (   0,    0) (   0,    1) (   0,    1) (   4,    1) (   0,    1) (   0,    0) (   0,    0) (   0,    1)
          (   0,    1) (   4,    1) (   0,    1) (   0,    0) (   0,    0) (   0,    1) (   0,    1) (   4,    1) (   0,    1) (   0,    0)
          (   0,    0) (   0,    1) (   0,    1) (   4,    1) (   0,    1) (   0,    0) (   0,    0) (   0,    1) (   0,    1) (   4,    1)
         
node  10 sent_total    561  recv_total    536

